mode: atomic
aggregator-services/internal/collectors/aggregate/executor.go:37.73,38.23 1 1
aggregator-services/internal/collectors/aggregate/executor.go:38.23,40.3 1 0
aggregator-services/internal/collectors/aggregate/executor.go:42.2,43.27 2 1
aggregator-services/internal/collectors/aggregate/executor.go:43.27,45.3 1 0
aggregator-services/internal/collectors/aggregate/executor.go:47.2,48.16 2 1
aggregator-services/internal/collectors/aggregate/executor.go:48.16,51.3 2 0
aggregator-services/internal/collectors/aggregate/executor.go:52.2,52.33 1 1
aggregator-services/internal/collectors/aggregate/executor.go:52.33,56.3 3 0
aggregator-services/internal/collectors/aggregate/executor.go:57.2,57.54 1 1
aggregator-services/internal/collectors/aggregate/executor.go:57.54,60.3 2 0
aggregator-services/internal/collectors/aggregate/executor.go:61.2,61.56 1 1
aggregator-services/internal/collectors/aggregate/executor.go:61.56,63.17 2 0
aggregator-services/internal/collectors/aggregate/executor.go:63.17,66.4 2 0
aggregator-services/internal/collectors/aggregate/executor.go:67.3,67.72 1 0
aggregator-services/internal/collectors/aggregate/executor.go:67.72,70.4 2 0
aggregator-services/internal/collectors/aggregate/executor.go:73.2,74.12 2 1
aggregator-services/internal/collectors/aggregate/executor.go:77.97,78.21 1 1
aggregator-services/internal/collectors/aggregate/executor.go:78.21,80.3 1 0
aggregator-services/internal/collectors/aggregate/executor.go:82.2,94.25 4 1
aggregator-services/internal/collectors/aggregate/executor.go:94.25,96.3 1 1
aggregator-services/internal/collectors/aggregate/executor.go:96.8,98.3 1 0
aggregator-services/internal/collectors/aggregate/executor.go:99.2,99.34 1 1
aggregator-services/internal/collectors/aggregate/executor.go:102.35,103.18 1 1
aggregator-services/internal/collectors/aggregate/executor.go:103.18,105.3 1 0
aggregator-services/internal/collectors/aggregate/executor.go:106.2,106.25 1 1
aggregator-services/internal/collectors/aggregate/executor.go:109.36,110.21 1 1
aggregator-services/internal/collectors/aggregate/executor.go:110.21,112.3 1 1
aggregator-services/internal/collectors/aggregate/executor.go:113.2,113.18 1 0
aggregator-services/internal/collectors/aggregate/executor.go:116.37,117.22 1 1
aggregator-services/internal/collectors/aggregate/executor.go:117.22,119.3 1 1
aggregator-services/internal/collectors/aggregate/executor.go:120.2,120.19 1 0
aggregator-services/internal/api/derivatives/admin.go:10.124,13.25 3 0
aggregator-services/internal/api/derivatives/admin.go:13.25,15.3 1 0
aggregator-services/internal/api/derivatives/admin.go:16.2,27.16 3 0
aggregator-services/internal/api/derivatives/admin.go:27.16,29.3 1 0
aggregator-services/internal/api/derivatives/admin.go:30.2,34.18 4 0
aggregator-services/internal/api/derivatives/admin.go:34.18,37.202 3 0
aggregator-services/internal/api/derivatives/admin.go:37.202,39.4 1 0
aggregator-services/internal/api/derivatives/admin.go:40.3,43.30 4 0
aggregator-services/internal/api/derivatives/admin.go:45.2,45.35 1 0
aggregator-services/internal/api/derivatives/admin.go:45.35,47.3 1 0
aggregator-services/internal/api/derivatives/admin.go:48.2,48.88 1 0
aggregator-services/internal/api/derivatives/admin.go:51.122,54.25 3 0
aggregator-services/internal/api/derivatives/admin.go:54.25,56.3 1 0
aggregator-services/internal/api/derivatives/admin.go:57.2,70.16 3 0
aggregator-services/internal/api/derivatives/admin.go:70.16,72.3 1 0
aggregator-services/internal/api/derivatives/admin.go:73.2,77.18 4 0
aggregator-services/internal/api/derivatives/admin.go:77.18,79.145 2 0
aggregator-services/internal/api/derivatives/admin.go:79.145,81.4 1 0
aggregator-services/internal/api/derivatives/admin.go:82.3,83.30 2 0
aggregator-services/internal/api/derivatives/admin.go:85.2,85.35 1 0
aggregator-services/internal/api/derivatives/admin.go:85.35,87.3 1 0
aggregator-services/internal/api/derivatives/admin.go:88.2,88.87 1 0
aggregator-services/internal/api/derivatives/admin.go:91.101,94.25 3 0
aggregator-services/internal/api/derivatives/admin.go:94.25,96.3 1 0
aggregator-services/internal/api/derivatives/admin.go:97.2,97.25 1 0
aggregator-services/internal/api/derivatives/admin.go:97.25,99.3 1 0
aggregator-services/internal/api/derivatives/admin.go:100.2,112.16 3 0
aggregator-services/internal/api/derivatives/admin.go:112.16,114.3 1 0
aggregator-services/internal/api/derivatives/admin.go:115.2,119.18 4 0
aggregator-services/internal/api/derivatives/admin.go:119.18,121.286 2 0
aggregator-services/internal/api/derivatives/admin.go:121.286,123.4 1 0
aggregator-services/internal/api/derivatives/admin.go:124.3,124.30 1 0
aggregator-services/internal/api/derivatives/admin.go:126.2,126.35 1 0
aggregator-services/internal/api/derivatives/admin.go:126.35,128.3 1 0
aggregator-services/internal/api/derivatives/admin.go:129.2,129.76 1 0
aggregator-services/internal/api/derivatives/admin.go:132.119,135.25 3 0
aggregator-services/internal/api/derivatives/admin.go:135.25,137.3 1 0
aggregator-services/internal/api/derivatives/admin.go:138.2,138.25 1 0
aggregator-services/internal/api/derivatives/admin.go:138.25,140.3 1 0
aggregator-services/internal/api/derivatives/admin.go:141.2,151.16 3 0
aggregator-services/internal/api/derivatives/admin.go:151.16,153.3 1 0
aggregator-services/internal/api/derivatives/admin.go:154.2,158.18 4 0
aggregator-services/internal/api/derivatives/admin.go:158.18,160.207 2 0
aggregator-services/internal/api/derivatives/admin.go:160.207,162.4 1 0
aggregator-services/internal/api/derivatives/admin.go:163.3,164.30 2 0
aggregator-services/internal/api/derivatives/admin.go:166.2,166.35 1 0
aggregator-services/internal/api/derivatives/admin.go:166.35,168.3 1 0
aggregator-services/internal/api/derivatives/admin.go:169.2,169.85 1 0
aggregator-services/internal/api/derivatives/admin.go:172.109,175.25 3 0
aggregator-services/internal/api/derivatives/admin.go:175.25,177.3 1 0
aggregator-services/internal/api/derivatives/admin.go:178.2,178.23 1 0
aggregator-services/internal/api/derivatives/admin.go:178.23,180.3 1 0
aggregator-services/internal/api/derivatives/admin.go:181.2,181.25 1 0
aggregator-services/internal/api/derivatives/admin.go:181.25,183.3 1 0
aggregator-services/internal/api/derivatives/admin.go:184.2,195.16 3 0
aggregator-services/internal/api/derivatives/admin.go:195.16,197.3 1 0
aggregator-services/internal/api/derivatives/admin.go:198.2,202.18 4 0
aggregator-services/internal/api/derivatives/admin.go:202.18,205.231 3 0
aggregator-services/internal/api/derivatives/admin.go:205.231,207.4 1 0
aggregator-services/internal/api/derivatives/admin.go:208.3,210.30 3 0
aggregator-services/internal/api/derivatives/admin.go:212.2,212.35 1 0
aggregator-services/internal/api/derivatives/admin.go:212.35,214.3 1 0
aggregator-services/internal/api/derivatives/admin.go:215.2,215.80 1 0
aggregator-services/internal/api/derivatives/admin.go:224.54,226.2 1 0
aggregator-services/internal/api/derivatives/admin.go:228.46,231.2 2 0
aggregator-services/internal/api/derivatives/admin.go:233.42,234.25 1 0
aggregator-services/internal/api/derivatives/admin.go:234.25,236.3 1 0
aggregator-services/internal/api/derivatives/admin.go:237.2,237.52 1 0
aggregator-services/internal/api/derivatives/admin.go:240.49,241.29 1 0
aggregator-services/internal/api/derivatives/admin.go:241.29,243.3 1 0
aggregator-services/internal/api/derivatives/admin.go:244.2,244.27 1 0
aggregator-services/internal/api/derivatives/admin.go:244.27,246.3 1 0
aggregator-services/internal/api/derivatives/admin.go:249.58,250.9 1 0
aggregator-services/internal/api/derivatives/admin.go:251.31,252.21 1 0
aggregator-services/internal/api/derivatives/admin.go:253.30,254.20 1 0
aggregator-services/internal/api/derivatives/admin.go:255.10,256.19 1 0
aggregator-services/internal/api/derivatives/handler.go:18.82,40.2 20 0
aggregator-services/internal/api/derivatives/handler.go:42.67,43.79 1 0
aggregator-services/internal/api/derivatives/handler.go:43.79,45.3 1 0
aggregator-services/internal/api/derivatives/handler.go:48.66,49.79 1 0
aggregator-services/internal/api/derivatives/handler.go:49.79,51.3 1 0
aggregator-services/internal/api/derivatives/handler.go:54.71,55.79 1 0
aggregator-services/internal/api/derivatives/handler.go:55.79,57.3 1 0
aggregator-services/internal/api/derivatives/handler.go:60.65,61.94 1 0
aggregator-services/internal/api/derivatives/handler.go:61.94,63.3 1 0
aggregator-services/internal/api/derivatives/handler.go:66.65,67.94 1 0
aggregator-services/internal/api/derivatives/handler.go:67.94,69.3 1 0
aggregator-services/internal/api/derivatives/handler.go:72.71,73.94 1 0
aggregator-services/internal/api/derivatives/handler.go:73.94,75.3 1 0
aggregator-services/internal/api/derivatives/handler.go:78.66,79.94 1 0
aggregator-services/internal/api/derivatives/handler.go:79.94,81.3 1 0
aggregator-services/internal/api/derivatives/handler.go:84.73,85.94 1 0
aggregator-services/internal/api/derivatives/handler.go:85.94,87.3 1 0
aggregator-services/internal/api/derivatives/handler.go:90.68,91.94 1 0
aggregator-services/internal/api/derivatives/handler.go:91.94,93.3 1 0
aggregator-services/internal/api/derivatives/handler.go:96.62,97.94 1 0
aggregator-services/internal/api/derivatives/handler.go:97.94,99.3 1 0
aggregator-services/internal/api/derivatives/handler.go:102.71,103.94 1 0
aggregator-services/internal/api/derivatives/handler.go:103.94,105.3 1 0
aggregator-services/internal/api/derivatives/handler.go:108.64,109.94 1 0
aggregator-services/internal/api/derivatives/handler.go:109.94,111.3 1 0
aggregator-services/internal/api/derivatives/handler.go:114.77,115.94 1 0
aggregator-services/internal/api/derivatives/handler.go:115.94,117.3 1 0
aggregator-services/internal/api/derivatives/handler.go:120.77,121.94 1 0
aggregator-services/internal/api/derivatives/handler.go:121.94,123.3 1 0
aggregator-services/internal/api/derivatives/handler.go:126.74,127.79 1 0
aggregator-services/internal/api/derivatives/handler.go:127.79,129.3 1 0
aggregator-services/internal/api/derivatives/handler.go:132.73,133.79 1 0
aggregator-services/internal/api/derivatives/handler.go:133.79,135.3 1 0
aggregator-services/internal/api/derivatives/handler.go:138.63,139.79 1 0
aggregator-services/internal/api/derivatives/handler.go:139.79,141.3 1 0
aggregator-services/internal/api/derivatives/handler.go:144.72,145.79 1 0
aggregator-services/internal/api/derivatives/handler.go:145.79,147.3 1 0
aggregator-services/internal/api/derivatives/handler.go:150.67,151.79 1 0
aggregator-services/internal/api/derivatives/handler.go:151.79,153.3 1 0
aggregator-services/internal/api/derivatives/handler.go:156.128,157.79 1 0
aggregator-services/internal/api/derivatives/handler.go:157.79,159.17 2 0
aggregator-services/internal/api/derivatives/handler.go:159.17,161.4 1 0
aggregator-services/internal/api/derivatives/handler.go:162.3,162.33 1 0
aggregator-services/internal/api/derivatives/handler.go:166.122,168.16 2 0
aggregator-services/internal/api/derivatives/handler.go:168.16,171.3 2 0
aggregator-services/internal/api/derivatives/handler.go:173.2,174.19 2 0
aggregator-services/internal/api/derivatives/handler.go:174.19,178.3 3 0
aggregator-services/internal/api/derivatives/handler.go:180.2,181.16 2 0
aggregator-services/internal/api/derivatives/handler.go:181.16,185.3 3 0
aggregator-services/internal/api/derivatives/handler.go:186.2,186.38 1 0
aggregator-services/internal/api/derivatives/handler.go:189.43,190.33 1 3
aggregator-services/internal/api/derivatives/handler.go:190.33,192.3 1 2
aggregator-services/internal/api/derivatives/handler.go:193.2,193.46 1 1
aggregator-services/internal/api/derivatives/handler.go:193.46,195.3 1 1
aggregator-services/internal/api/derivatives/handler.go:196.2,196.65 1 0
aggregator-services/internal/api/derivatives/handler.go:196.65,198.3 1 0
aggregator-services/internal/api/derivatives/handler.go:199.2,199.57 1 0
aggregator-services/internal/api/derivatives/handler.go:202.64,205.56 3 2
aggregator-services/internal/api/derivatives/handler.go:205.56,207.3 1 0
aggregator-services/internal/api/derivatives/handler.go:210.108,211.20 1 1
aggregator-services/internal/api/derivatives/handler.go:211.20,213.3 1 1
aggregator-services/internal/api/derivatives/handler.go:214.2,214.101 1 1
aggregator-services/internal/api/derivatives/query.go:34.61,47.23 3 2
aggregator-services/internal/api/derivatives/query.go:47.23,49.3 1 2
aggregator-services/internal/api/derivatives/query.go:50.2,50.26 1 2
aggregator-services/internal/api/derivatives/query.go:50.26,52.3 1 0
aggregator-services/internal/api/derivatives/query.go:53.2,53.57 1 2
aggregator-services/internal/api/derivatives/query.go:53.57,55.3 1 1
aggregator-services/internal/api/derivatives/query.go:57.2,58.61 2 1
aggregator-services/internal/api/derivatives/query.go:58.61,60.35 2 1
aggregator-services/internal/api/derivatives/query.go:60.35,62.4 1 0
aggregator-services/internal/api/derivatives/query.go:63.3,63.28 1 1
aggregator-services/internal/api/derivatives/query.go:63.28,65.4 1 1
aggregator-services/internal/api/derivatives/query.go:67.2,67.60 1 1
aggregator-services/internal/api/derivatives/query.go:67.60,69.34 2 1
aggregator-services/internal/api/derivatives/query.go:69.34,71.4 1 0
aggregator-services/internal/api/derivatives/query.go:73.2,73.82 1 1
aggregator-services/internal/api/derivatives/query.go:73.82,75.3 1 0
aggregator-services/internal/api/derivatives/query.go:76.2,76.78 1 1
aggregator-services/internal/api/derivatives/query.go:76.78,78.3 1 0
aggregator-services/internal/api/derivatives/query.go:79.2,79.89 1 1
aggregator-services/internal/api/derivatives/query.go:79.89,81.3 1 0
aggregator-services/internal/api/derivatives/query.go:82.2,82.83 1 1
aggregator-services/internal/api/derivatives/query.go:82.83,84.3 1 0
aggregator-services/internal/api/derivatives/query.go:85.2,85.75 1 1
aggregator-services/internal/api/derivatives/query.go:85.75,87.3 1 0
aggregator-services/internal/api/derivatives/query.go:88.2,88.77 1 1
aggregator-services/internal/api/derivatives/query.go:88.77,90.3 1 0
aggregator-services/internal/api/derivatives/query.go:91.2,91.77 1 1
aggregator-services/internal/api/derivatives/query.go:91.77,93.3 1 0
aggregator-services/internal/api/derivatives/query.go:95.2,95.18 1 1
aggregator-services/internal/api/derivatives/query.go:98.35,100.2 1 2
aggregator-services/internal/api/derivatives/query.go:102.51,104.17 2 1
aggregator-services/internal/api/derivatives/query.go:104.17,106.3 1 1
aggregator-services/internal/api/derivatives/query.go:107.2,113.3 1 1
aggregator-services/internal/api/derivatives/query.go:116.56,118.15 2 2
aggregator-services/internal/api/derivatives/query.go:118.15,120.3 1 1
aggregator-services/internal/api/derivatives/query.go:121.2,121.62 1 1
aggregator-services/internal/api/derivatives/query.go:121.62,124.3 2 1
aggregator-services/internal/api/derivatives/query.go:125.2,126.16 2 0
aggregator-services/internal/api/derivatives/query.go:126.16,128.3 1 0
aggregator-services/internal/api/derivatives/query.go:129.2,130.21 2 0
aggregator-services/internal/api/derivatives/query.go:133.55,135.15 2 2
aggregator-services/internal/api/derivatives/query.go:135.15,137.3 1 1
aggregator-services/internal/api/derivatives/query.go:138.2,139.16 2 1
aggregator-services/internal/api/derivatives/query.go:139.16,141.3 1 0
aggregator-services/internal/api/derivatives/query.go:142.2,142.20 1 1
aggregator-services/internal/api/derivatives/query.go:145.49,147.15 2 2
aggregator-services/internal/api/derivatives/query.go:147.15,149.3 1 1
aggregator-services/internal/api/derivatives/query.go:150.2,151.16 2 1
aggregator-services/internal/api/derivatives/query.go:151.16,153.3 1 0
aggregator-services/internal/api/derivatives/query.go:154.2,154.20 1 1
aggregator-services/internal/api/derivatives/query.go:157.38,159.2 1 6
aggregator-services/internal/api/derivatives/query.go:161.45,162.31 1 2
aggregator-services/internal/api/derivatives/query.go:162.31,163.37 1 4
aggregator-services/internal/api/derivatives/query.go:163.37,165.4 1 1
aggregator-services/internal/api/derivatives/query.go:167.2,167.11 1 1
aggregator-services/internal/api/derivatives/realtime_handler.go:17.88,22.2 4 2
aggregator-services/internal/api/derivatives/realtime_handler.go:24.87,25.62 1 2
aggregator-services/internal/api/derivatives/realtime_handler.go:25.62,28.17 3 2
aggregator-services/internal/api/derivatives/realtime_handler.go:28.17,30.4 1 0
aggregator-services/internal/api/derivatives/realtime_handler.go:31.3,31.32 1 2
aggregator-services/internal/api/derivatives/realtime_handler.go:35.82,36.62 1 0
aggregator-services/internal/api/derivatives/realtime_handler.go:36.62,38.34 2 0
aggregator-services/internal/api/derivatives/realtime_handler.go:38.34,40.4 1 0
aggregator-services/internal/api/derivatives/realtime_handler.go:41.3,41.66 1 0
aggregator-services/internal/api/derivatives/realtime_handler.go:45.74,46.62 1 0
aggregator-services/internal/api/derivatives/realtime_handler.go:46.62,49.17 3 0
aggregator-services/internal/api/derivatives/realtime_handler.go:49.17,51.4 1 0
aggregator-services/internal/api/derivatives/realtime_handler.go:52.3,52.10 1 0
aggregator-services/internal/api/derivatives/realtime_handler.go:52.10,54.4 1 0
aggregator-services/internal/api/derivatives/realtime_handler.go:55.3,55.20 1 0
aggregator-services/internal/api/derivatives/realtime_handler.go:59.83,62.16 3 2
aggregator-services/internal/api/derivatives/realtime_handler.go:62.16,64.3 1 0
aggregator-services/internal/api/derivatives/realtime_handler.go:65.2,65.9 1 2
aggregator-services/internal/api/derivatives/realtime_handler.go:65.9,67.3 1 1
aggregator-services/internal/api/derivatives/realtime_handler.go:68.2,68.19 1 1
aggregator-services/internal/api/derivatives/realtime_handler.go:71.118,72.20 1 2
aggregator-services/internal/api/derivatives/realtime_handler.go:72.20,75.3 2 0
aggregator-services/internal/api/derivatives/realtime_handler.go:77.2,78.19 2 2
aggregator-services/internal/api/derivatives/realtime_handler.go:78.19,82.3 3 2
aggregator-services/internal/api/derivatives/realtime_handler.go:84.2,85.16 2 2
aggregator-services/internal/api/derivatives/realtime_handler.go:85.16,86.41 1 1
aggregator-services/internal/api/derivatives/realtime_handler.go:86.41,89.4 2 0
aggregator-services/internal/api/derivatives/realtime_handler.go:90.3,92.9 3 1
aggregator-services/internal/api/derivatives/realtime_handler.go:94.2,94.38 1 1
aggregator-services/internal/api/derivatives/realtime_handler.go:99.41,101.2 1 0
aggregator-services/internal/api/derivatives/realtime_handler.go:103.42,105.2 1 0
aggregator-services/internal/api/derivatives/repository.go:17.44,19.2 1 0
aggregator-services/internal/api/derivatives/repository.go:21.111,24.16 3 0
aggregator-services/internal/api/derivatives/repository.go:24.16,26.3 1 0
aggregator-services/internal/api/derivatives/repository.go:27.2,31.18 4 0
aggregator-services/internal/api/derivatives/repository.go:31.18,33.59 2 0
aggregator-services/internal/api/derivatives/repository.go:33.59,35.4 1 0
aggregator-services/internal/api/derivatives/repository.go:36.3,36.30 1 0
aggregator-services/internal/api/derivatives/repository.go:38.2,38.35 1 0
aggregator-services/internal/api/derivatives/repository.go:38.35,40.3 1 0
aggregator-services/internal/api/derivatives/repository.go:42.2,42.82 1 0
aggregator-services/internal/api/derivatives/repository.go:45.110,48.16 3 0
aggregator-services/internal/api/derivatives/repository.go:48.16,50.3 1 0
aggregator-services/internal/api/derivatives/repository.go:51.2,55.18 4 0
aggregator-services/internal/api/derivatives/repository.go:55.18,57.59 2 0
aggregator-services/internal/api/derivatives/repository.go:57.59,59.4 1 0
aggregator-services/internal/api/derivatives/repository.go:60.3,60.30 1 0
aggregator-services/internal/api/derivatives/repository.go:62.2,62.35 1 0
aggregator-services/internal/api/derivatives/repository.go:62.35,64.3 1 0
aggregator-services/internal/api/derivatives/repository.go:66.2,66.82 1 0
aggregator-services/internal/api/derivatives/repository.go:69.114,71.16 2 0
aggregator-services/internal/api/derivatives/repository.go:71.16,73.3 1 0
aggregator-services/internal/api/derivatives/repository.go:74.2,75.16 2 0
aggregator-services/internal/api/derivatives/repository.go:75.16,77.3 1 0
aggregator-services/internal/api/derivatives/repository.go:79.2,80.22 2 0
aggregator-services/internal/api/derivatives/repository.go:80.22,82.3 1 0
aggregator-services/internal/api/derivatives/repository.go:84.2,90.82 7 0
aggregator-services/internal/api/derivatives/repository.go:90.82,92.3 1 0
aggregator-services/internal/api/derivatives/repository.go:93.2,96.73 4 0
aggregator-services/internal/api/derivatives/repository.go:96.73,98.3 1 0
aggregator-services/internal/api/derivatives/repository.go:99.2,99.86 1 0
aggregator-services/internal/api/derivatives/repository.go:99.86,101.3 1 0
aggregator-services/internal/api/derivatives/repository.go:102.2,104.20 2 0
aggregator-services/internal/api/derivatives/repository.go:107.98,109.18 2 0
aggregator-services/internal/api/derivatives/repository.go:109.18,111.3 1 0
aggregator-services/internal/api/derivatives/repository.go:113.2,130.26 3 0
aggregator-services/internal/api/derivatives/repository.go:130.26,132.3 1 0
aggregator-services/internal/api/derivatives/repository.go:133.2,133.16 1 0
aggregator-services/internal/api/derivatives/repository.go:133.16,135.3 1 0
aggregator-services/internal/api/derivatives/repository.go:137.2,144.25 7 0
aggregator-services/internal/api/derivatives/repository.go:147.98,184.26 3 0
aggregator-services/internal/api/derivatives/repository.go:184.26,186.3 1 0
aggregator-services/internal/api/derivatives/repository.go:187.2,187.16 1 0
aggregator-services/internal/api/derivatives/repository.go:187.16,189.3 1 0
aggregator-services/internal/api/derivatives/repository.go:190.2,198.18 8 0
aggregator-services/internal/api/derivatives/repository.go:201.70,240.35 4 1
aggregator-services/internal/api/derivatives/repository.go:240.35,243.3 2 4
aggregator-services/internal/api/derivatives/repository.go:244.2,244.23 1 1
aggregator-services/internal/api/derivatives/repository.go:244.23,247.3 2 1
aggregator-services/internal/api/derivatives/repository.go:248.2,248.25 1 1
aggregator-services/internal/api/derivatives/repository.go:248.25,250.3 1 0
aggregator-services/internal/api/derivatives/repository.go:251.2,251.25 1 1
aggregator-services/internal/api/derivatives/repository.go:251.25,253.3 1 1
aggregator-services/internal/api/derivatives/repository.go:254.2,254.27 1 1
aggregator-services/internal/api/derivatives/repository.go:254.27,256.3 1 0
aggregator-services/internal/api/derivatives/repository.go:257.2,257.23 1 1
aggregator-services/internal/api/derivatives/repository.go:257.23,259.3 1 0
aggregator-services/internal/api/derivatives/repository.go:260.2,260.25 1 1
aggregator-services/internal/api/derivatives/repository.go:260.25,262.3 1 0
aggregator-services/internal/api/derivatives/repository.go:263.2,263.25 1 1
aggregator-services/internal/api/derivatives/repository.go:263.25,265.3 1 0
aggregator-services/internal/api/derivatives/repository.go:266.2,269.31 3 1
aggregator-services/internal/api/derivatives/repository.go:272.73,313.16 2 0
aggregator-services/internal/api/derivatives/repository.go:313.16,315.3 1 0
aggregator-services/internal/api/derivatives/repository.go:316.2,323.22 7 0
aggregator-services/internal/api/derivatives/repository.go:323.22,326.3 2 0
aggregator-services/internal/api/derivatives/repository.go:327.2,336.12 9 0
aggregator-services/internal/api/derivatives/repository.go:339.39,340.14 1 3
aggregator-services/internal/api/derivatives/repository.go:341.16,342.20 1 0
aggregator-services/internal/api/derivatives/repository.go:343.26,344.22 1 0
aggregator-services/internal/api/derivatives/repository.go:345.16,346.35 1 1
aggregator-services/internal/api/derivatives/repository.go:347.29,348.38 1 1
aggregator-services/internal/api/derivatives/repository.go:349.17,350.35 1 0
aggregator-services/internal/api/derivatives/repository.go:351.15,352.61 1 0
aggregator-services/internal/api/derivatives/repository.go:353.19,354.32 1 0
aggregator-services/internal/api/derivatives/repository.go:355.10,356.22 1 1
aggregator-services/internal/api/derivatives/repository.go:360.47,361.16 1 0
aggregator-services/internal/api/derivatives/repository.go:361.16,363.3 1 0
aggregator-services/internal/api/derivatives/repository.go:364.2,364.22 1 0
aggregator-services/internal/api/derivatives/repository.go:364.22,366.3 1 0
aggregator-services/internal/api/derivatives/repository.go:367.2,367.14 1 0
aggregator-services/internal/api/derivatives/scan.go:15.48,17.2 1 0
aggregator-services/internal/api/derivatives/scan.go:19.46,20.18 1 0
aggregator-services/internal/api/derivatives/scan.go:20.18,23.3 2 0
aggregator-services/internal/api/derivatives/scan.go:24.2,25.31 2 0
aggregator-services/internal/api/derivatives/scan.go:26.15,27.17 1 0
aggregator-services/internal/api/derivatives/scan.go:28.13,29.26 1 0
aggregator-services/internal/api/derivatives/scan.go:30.14,32.17 2 0
aggregator-services/internal/api/derivatives/scan.go:32.17,34.4 1 0
aggregator-services/internal/api/derivatives/scan.go:35.3,35.17 1 0
aggregator-services/internal/api/derivatives/scan.go:36.14,38.17 2 0
aggregator-services/internal/api/derivatives/scan.go:38.17,40.4 1 0
aggregator-services/internal/api/derivatives/scan.go:41.3,41.17 1 0
aggregator-services/internal/api/derivatives/scan.go:42.10,43.56 1 0
aggregator-services/internal/api/derivatives/scan.go:45.2,46.12 2 0
aggregator-services/internal/api/derivatives/scan.go:53.46,55.2 1 0
aggregator-services/internal/api/derivatives/scan.go:57.46,58.18 1 0
aggregator-services/internal/api/derivatives/scan.go:58.18,61.3 2 0
aggregator-services/internal/api/derivatives/scan.go:62.2,63.31 2 0
aggregator-services/internal/api/derivatives/scan.go:64.13,65.17 1 0
aggregator-services/internal/api/derivatives/scan.go:66.11,67.24 1 0
aggregator-services/internal/api/derivatives/scan.go:68.14,70.17 2 0
aggregator-services/internal/api/derivatives/scan.go:70.17,72.4 1 0
aggregator-services/internal/api/derivatives/scan.go:73.3,73.17 1 0
aggregator-services/internal/api/derivatives/scan.go:74.14,76.17 2 0
aggregator-services/internal/api/derivatives/scan.go:76.17,78.4 1 0
aggregator-services/internal/api/derivatives/scan.go:79.3,79.17 1 0
aggregator-services/internal/api/derivatives/scan.go:80.10,81.56 1 0
aggregator-services/internal/api/derivatives/scan.go:83.2,84.12 2 0
aggregator-services/internal/api/derivatives/scan.go:87.49,88.18 1 0
aggregator-services/internal/api/derivatives/scan.go:88.18,90.3 1 0
aggregator-services/internal/api/derivatives/scan.go:91.2,91.20 1 0
aggregator-services/internal/api/derivatives/scan.go:94.54,95.19 1 0
aggregator-services/internal/api/derivatives/scan.go:95.19,97.3 1 0
aggregator-services/internal/api/derivatives/scan.go:98.2,98.12 1 0
aggregator-services/internal/api/derivatives/scan.go:101.59,102.19 1 0
aggregator-services/internal/api/derivatives/scan.go:102.19,104.3 1 0
aggregator-services/internal/api/derivatives/scan.go:105.2,105.12 1 0
aggregator-services/internal/api/derivatives/scan.go:108.46,109.31 1 0
aggregator-services/internal/api/derivatives/scan.go:109.31,110.19 1 0
aggregator-services/internal/api/derivatives/scan.go:110.19,112.4 1 0
aggregator-services/internal/api/derivatives/scan.go:114.2,114.12 1 0
aggregator-services/internal/api/derivatives/scan.go:117.53,118.27 1 0
aggregator-services/internal/api/derivatives/scan.go:118.27,120.3 1 0
aggregator-services/internal/api/derivatives/scan.go:121.2,123.9 3 0
aggregator-services/internal/api/derivatives/scan.go:124.15,125.20 1 0
aggregator-services/internal/api/derivatives/scan.go:126.49,127.19 1 0
aggregator-services/internal/api/derivatives/scan.go:128.48,129.21 1 0
aggregator-services/internal/api/derivatives/scan.go:131.2,135.3 1 0
aggregator-services/internal/api/derivatives/series.go:11.130,32.16 5 0
aggregator-services/internal/api/derivatives/series.go:32.16,34.3 1 0
aggregator-services/internal/api/derivatives/series.go:35.2,39.18 4 0
aggregator-services/internal/api/derivatives/series.go:39.18,56.17 2 0
aggregator-services/internal/api/derivatives/series.go:56.17,58.4 1 0
aggregator-services/internal/api/derivatives/series.go:59.3,60.30 2 0
aggregator-services/internal/api/derivatives/series.go:62.2,62.35 1 0
aggregator-services/internal/api/derivatives/series.go:62.35,64.3 1 0
aggregator-services/internal/api/derivatives/series.go:65.2,65.87 1 0
aggregator-services/internal/api/derivatives/series.go:68.108,71.2 2 0
aggregator-services/internal/api/derivatives/series.go:73.125,74.25 1 0
aggregator-services/internal/api/derivatives/series.go:74.25,76.3 1 0
aggregator-services/internal/api/derivatives/series.go:77.2,90.16 6 0
aggregator-services/internal/api/derivatives/series.go:90.16,92.3 1 0
aggregator-services/internal/api/derivatives/series.go:93.2,97.18 4 0
aggregator-services/internal/api/derivatives/series.go:97.18,113.17 2 0
aggregator-services/internal/api/derivatives/series.go:113.17,115.4 1 0
aggregator-services/internal/api/derivatives/series.go:116.3,116.30 1 0
aggregator-services/internal/api/derivatives/series.go:118.2,118.35 1 0
aggregator-services/internal/api/derivatives/series.go:118.35,120.3 1 0
aggregator-services/internal/api/derivatives/series.go:121.2,121.78 1 0
aggregator-services/internal/api/derivatives/series.go:124.121,127.2 2 0
aggregator-services/internal/api/derivatives/series.go:129.138,130.23 1 0
aggregator-services/internal/api/derivatives/series.go:130.23,132.3 1 0
aggregator-services/internal/api/derivatives/series.go:133.2,143.63 4 0
aggregator-services/internal/api/derivatives/series.go:146.141,159.2 5 0
aggregator-services/internal/api/derivatives/series.go:161.140,163.16 2 0
aggregator-services/internal/api/derivatives/series.go:163.16,165.3 1 0
aggregator-services/internal/api/derivatives/series.go:166.2,170.18 4 0
aggregator-services/internal/api/derivatives/series.go:170.18,172.146 2 0
aggregator-services/internal/api/derivatives/series.go:172.146,174.4 1 0
aggregator-services/internal/api/derivatives/series.go:175.3,175.30 1 0
aggregator-services/internal/api/derivatives/series.go:177.2,177.35 1 0
aggregator-services/internal/api/derivatives/series.go:177.35,179.3 1 0
aggregator-services/internal/api/derivatives/series.go:180.2,180.85 1 0
aggregator-services/internal/api/derivatives/series.go:183.111,186.2 2 0
aggregator-services/internal/api/derivatives/series.go:188.128,200.16 5 0
aggregator-services/internal/api/derivatives/series.go:200.16,202.3 1 0
aggregator-services/internal/api/derivatives/series.go:203.2,207.18 4 0
aggregator-services/internal/api/derivatives/series.go:207.18,210.168 3 0
aggregator-services/internal/api/derivatives/series.go:210.168,212.4 1 0
aggregator-services/internal/api/derivatives/series.go:213.3,214.30 2 0
aggregator-services/internal/api/derivatives/series.go:216.2,216.35 1 0
aggregator-services/internal/api/derivatives/series.go:216.35,218.3 1 0
aggregator-services/internal/api/derivatives/series.go:219.2,219.80 1 0
aggregator-services/internal/api/derivatives/series.go:222.142,223.23 1 0
aggregator-services/internal/api/derivatives/series.go:223.23,225.3 1 0
aggregator-services/internal/api/derivatives/series.go:226.2,239.16 6 0
aggregator-services/internal/api/derivatives/series.go:239.16,241.3 1 0
aggregator-services/internal/api/derivatives/series.go:242.2,246.18 4 0
aggregator-services/internal/api/derivatives/series.go:246.18,248.272 2 0
aggregator-services/internal/api/derivatives/series.go:248.272,250.4 1 0
aggregator-services/internal/api/derivatives/series.go:251.3,251.30 1 0
aggregator-services/internal/api/derivatives/series.go:253.2,253.35 1 0
aggregator-services/internal/api/derivatives/series.go:253.35,255.3 1 0
aggregator-services/internal/api/derivatives/series.go:256.2,256.87 1 0
aggregator-services/internal/api/derivatives/series.go:259.115,262.2 2 0
aggregator-services/internal/api/derivatives/series.go:264.132,265.23 1 0
aggregator-services/internal/api/derivatives/series.go:265.23,267.3 1 0
aggregator-services/internal/api/derivatives/series.go:268.2,282.16 6 0
aggregator-services/internal/api/derivatives/series.go:282.16,284.3 1 0
aggregator-services/internal/api/derivatives/series.go:285.2,289.18 4 0
aggregator-services/internal/api/derivatives/series.go:289.18,291.335 2 0
aggregator-services/internal/api/derivatives/series.go:291.335,293.4 1 0
aggregator-services/internal/api/derivatives/series.go:294.3,294.30 1 0
aggregator-services/internal/api/derivatives/series.go:296.2,296.35 1 0
aggregator-services/internal/api/derivatives/series.go:296.35,298.3 1 0
aggregator-services/internal/api/derivatives/series.go:299.2,299.82 1 0
aggregator-services/internal/api/derivatives/series.go:302.103,305.2 2 0
aggregator-services/internal/api/derivatives/series.go:307.120,308.23 1 0
aggregator-services/internal/api/derivatives/series.go:308.23,310.3 1 0
aggregator-services/internal/api/derivatives/series.go:311.2,323.16 6 0
aggregator-services/internal/api/derivatives/series.go:323.16,325.3 1 0
aggregator-services/internal/api/derivatives/series.go:326.2,330.18 4 0
aggregator-services/internal/api/derivatives/series.go:330.18,332.210 2 0
aggregator-services/internal/api/derivatives/series.go:332.210,334.4 1 0
aggregator-services/internal/api/derivatives/series.go:335.3,335.30 1 0
aggregator-services/internal/api/derivatives/series.go:337.2,337.35 1 0
aggregator-services/internal/api/derivatives/series.go:337.35,339.3 1 0
aggregator-services/internal/api/derivatives/series.go:340.2,340.76 1 0
aggregator-services/internal/api/derivatives/series.go:343.129,346.2 2 0
aggregator-services/internal/api/derivatives/series.go:348.146,349.23 1 0
aggregator-services/internal/api/derivatives/series.go:349.23,351.3 1 0
aggregator-services/internal/api/derivatives/series.go:352.2,366.16 6 0
aggregator-services/internal/api/derivatives/series.go:366.16,368.3 1 0
aggregator-services/internal/api/derivatives/series.go:369.2,373.18 4 0
aggregator-services/internal/api/derivatives/series.go:373.18,375.235 2 0
aggregator-services/internal/api/derivatives/series.go:375.235,377.4 1 0
aggregator-services/internal/api/derivatives/series.go:378.3,378.30 1 0
aggregator-services/internal/api/derivatives/series.go:380.2,380.35 1 0
aggregator-services/internal/api/derivatives/series.go:380.35,382.3 1 0
aggregator-services/internal/api/derivatives/series.go:383.2,383.93 1 0
aggregator-services/internal/api/derivatives/series.go:386.124,399.16 5 0
aggregator-services/internal/api/derivatives/series.go:399.16,401.3 1 0
aggregator-services/internal/api/derivatives/series.go:402.2,406.18 4 0
aggregator-services/internal/api/derivatives/series.go:406.18,408.326 2 0
aggregator-services/internal/api/derivatives/series.go:408.326,410.4 1 0
aggregator-services/internal/api/derivatives/series.go:411.3,411.30 1 0
aggregator-services/internal/api/derivatives/series.go:413.2,413.35 1 0
aggregator-services/internal/api/derivatives/series.go:413.35,415.3 1 0
aggregator-services/internal/api/derivatives/series.go:416.2,416.78 1 0
aggregator-services/internal/api/derivatives/series.go:419.150,432.16 5 0
aggregator-services/internal/api/derivatives/series.go:432.16,434.3 1 0
aggregator-services/internal/api/derivatives/series.go:435.2,439.18 4 0
aggregator-services/internal/api/derivatives/series.go:439.18,441.252 2 0
aggregator-services/internal/api/derivatives/series.go:441.252,443.4 1 0
aggregator-services/internal/api/derivatives/series.go:444.3,444.30 1 0
aggregator-services/internal/api/derivatives/series.go:446.2,446.35 1 0
aggregator-services/internal/api/derivatives/series.go:446.35,448.3 1 0
aggregator-services/internal/api/derivatives/series.go:449.2,449.91 1 0
aggregator-services/internal/api/derivatives/series.go:452.133,455.2 2 0
aggregator-services/internal/api/derivatives/series.go:457.150,471.16 4 0
aggregator-services/internal/api/derivatives/series.go:471.16,473.3 1 0
aggregator-services/internal/api/derivatives/series.go:474.2,478.18 4 0
aggregator-services/internal/api/derivatives/series.go:478.18,480.305 2 0
aggregator-services/internal/api/derivatives/series.go:480.305,482.4 1 0
aggregator-services/internal/api/derivatives/series.go:483.3,485.30 3 0
aggregator-services/internal/api/derivatives/series.go:487.2,487.35 1 0
aggregator-services/internal/api/derivatives/series.go:487.35,489.3 1 0
aggregator-services/internal/api/derivatives/series.go:490.2,490.91 1 0
aggregator-services/internal/api/derivatives/series.go:500.91,503.27 3 0
aggregator-services/internal/api/derivatives/series.go:503.27,505.3 1 0
aggregator-services/internal/api/derivatives/series.go:506.2,506.25 1 0
aggregator-services/internal/api/derivatives/series.go:506.25,508.3 1 0
aggregator-services/internal/api/derivatives/series.go:509.2,509.16 1 0
aggregator-services/internal/api/derivatives/series.go:512.36,513.27 1 0
aggregator-services/internal/api/derivatives/series.go:513.27,515.3 1 0
aggregator-services/internal/api/derivatives/series.go:518.63,519.17 1 0
aggregator-services/internal/api/derivatives/series.go:519.17,521.3 1 0
aggregator-services/internal/api/derivatives/series.go:524.43,525.25 1 0
aggregator-services/internal/api/derivatives/series.go:525.25,527.3 1 0
aggregator-services/internal/api/derivatives/series.go:528.2,528.52 1 0
aggregator-services/internal/api/derivatives/series.go:531.47,534.2 2 0
aggregator-services/internal/api/derivatives/series.go:536.37,537.37 1 0
aggregator-services/internal/api/derivatives/series.go:537.37,539.3 1 0
aggregator-services/internal/api/derivatives/series.go:540.2,540.15 1 0
aggregator-services/internal/api/derivatives/series.go:543.49,544.25 1 0
aggregator-services/internal/api/derivatives/series.go:544.25,546.3 1 0
aggregator-services/internal/api/derivatives/series.go:547.2,547.25 1 0
aggregator-services/internal/collectors/core/collector.go:53.74,56.16 3 2
aggregator-services/internal/collectors/core/collector.go:56.16,59.3 2 0
aggregator-services/internal/collectors/core/collector.go:60.2,60.28 1 2
aggregator-services/internal/collectors/core/collector.go:60.28,64.3 3 0
aggregator-services/internal/collectors/core/collector.go:66.2,67.16 2 2
aggregator-services/internal/collectors/core/collector.go:67.16,70.3 2 0
aggregator-services/internal/collectors/core/collector.go:72.2,73.16 2 2
aggregator-services/internal/collectors/core/collector.go:73.16,76.3 2 0
aggregator-services/internal/collectors/core/collector.go:78.2,79.16 2 2
aggregator-services/internal/collectors/core/collector.go:79.16,82.3 2 0
aggregator-services/internal/collectors/core/collector.go:84.2,88.16 5 2
aggregator-services/internal/collectors/core/collector.go:88.16,91.3 2 0
aggregator-services/internal/collectors/core/collector.go:92.2,92.77 1 2
aggregator-services/internal/collectors/core/collector.go:92.77,97.3 4 1
aggregator-services/internal/collectors/core/collector.go:98.2,98.28 1 1
aggregator-services/internal/collectors/core/collector.go:98.28,103.3 4 0
aggregator-services/internal/collectors/core/collector.go:105.2,106.16 2 1
aggregator-services/internal/collectors/core/collector.go:106.16,109.3 2 0
aggregator-services/internal/collectors/core/collector.go:111.2,111.71 1 1
aggregator-services/internal/collectors/core/collector.go:111.71,114.3 2 0
aggregator-services/internal/collectors/core/collector.go:116.2,117.12 2 1
aggregator-services/internal/collectors/core/collector.go:120.103,122.29 2 2
aggregator-services/internal/collectors/core/collector.go:122.29,124.3 1 2
aggregator-services/internal/collectors/core/collector.go:125.2,125.68 1 0
aggregator-services/internal/collectors/core/collector.go:125.68,127.3 1 0
aggregator-services/internal/collectors/core/collector.go:129.2,132.22 4 0
aggregator-services/internal/collectors/core/collector.go:132.22,134.3 1 0
aggregator-services/internal/collectors/core/collector.go:136.2,136.115 1 0
aggregator-services/internal/collectors/core/collector.go:139.179,140.19 1 2
aggregator-services/internal/collectors/core/collector.go:140.19,142.3 1 0
aggregator-services/internal/collectors/core/collector.go:144.2,145.17 2 2
aggregator-services/internal/collectors/core/collector.go:145.17,147.3 1 2
aggregator-services/internal/collectors/core/collector.go:149.2,150.16 2 2
aggregator-services/internal/collectors/core/collector.go:150.16,152.3 1 0
aggregator-services/internal/collectors/core/collector.go:152.8,152.50 1 2
aggregator-services/internal/collectors/core/collector.go:152.50,154.3 1 1
aggregator-services/internal/collectors/core/collector.go:156.2,170.4 1 2
aggregator-services/internal/collectors/core/collector.go:173.118,174.21 1 2
aggregator-services/internal/collectors/core/collector.go:174.21,176.3 1 0
aggregator-services/internal/collectors/core/collector.go:178.2,187.25 2 2
aggregator-services/internal/collectors/core/collector.go:187.25,189.3 1 1
aggregator-services/internal/collectors/core/collector.go:189.8,189.26 1 1
aggregator-services/internal/collectors/core/collector.go:189.26,191.3 1 1
aggregator-services/internal/collectors/core/collector.go:193.2,193.34 1 2
aggregator-services/internal/collectors/core/collector.go:196.36,197.18 1 10
aggregator-services/internal/collectors/core/collector.go:197.18,199.3 1 10
aggregator-services/internal/collectors/core/collector.go:200.2,200.25 1 0
aggregator-services/internal/collectors/core/collector.go:203.37,204.21 1 2
aggregator-services/internal/collectors/core/collector.go:204.21,206.3 1 2
aggregator-services/internal/collectors/core/collector.go:207.2,207.18 1 0
aggregator-services/internal/collectors/core/collector.go:210.38,211.22 1 2
aggregator-services/internal/collectors/core/collector.go:211.22,213.3 1 2
aggregator-services/internal/collectors/core/collector.go:214.2,214.19 1 0
aggregator-services/internal/collectors/core/collector.go:217.46,218.9 1 0
aggregator-services/internal/collectors/core/collector.go:219.48,220.74 1 0
aggregator-services/internal/collectors/core/collector.go:223.51,224.78 1 0
aggregator-services/internal/collectors/core/collector.go:225.10,227.104 2 0
aggregator-services/internal/collectors/core/collector.go:231.42,233.30 2 0
aggregator-services/internal/collectors/core/collector.go:233.30,235.3 1 0
aggregator-services/internal/collectors/core/collector.go:236.2,236.46 1 0
aggregator-services/internal/collectors/core/collector.go:236.46,238.3 1 0
aggregator-services/internal/collectors/core/collector.go:239.2,239.50 1 0
aggregator-services/internal/collectors/core/collector.go:242.71,243.19 1 1
aggregator-services/internal/collectors/core/collector.go:244.34,245.38 1 1
aggregator-services/internal/collectors/core/collector.go:246.34,247.38 1 0
aggregator-services/internal/collectors/core/collector.go:248.30,249.34 1 0
aggregator-services/internal/collectors/core/collector.go:250.30,251.39 1 0
aggregator-services/internal/collectors/core/collector.go:252.33,253.37 1 0
aggregator-services/internal/collectors/core/collector.go:254.35,255.39 1 0
aggregator-services/internal/collectors/core/collector.go:256.31,257.35 1 0
aggregator-services/internal/collectors/core/collector.go:258.36,259.40 1 0
aggregator-services/internal/collectors/core/collector.go:260.38,261.42 1 0
aggregator-services/internal/collectors/core/collector.go:262.33,263.42 1 0
aggregator-services/internal/collectors/core/collector.go:264.10,265.34 1 0
aggregator-services/internal/collectors/core/multi_writer.go:12.128,13.27 1 0
aggregator-services/internal/collectors/core/multi_writer.go:13.27,14.20 1 0
aggregator-services/internal/collectors/core/multi_writer.go:14.20,15.12 1 0
aggregator-services/internal/collectors/core/multi_writer.go:17.3,17.66 1 0
aggregator-services/internal/collectors/core/multi_writer.go:17.66,19.4 1 0
aggregator-services/internal/collectors/core/multi_writer.go:21.2,21.12 1 0
aggregator-services/internal/collectors/core/router.go:11.81,12.41 1 0
aggregator-services/internal/collectors/core/router.go:12.41,14.3 1 0
aggregator-services/internal/collectors/core/router.go:15.2,15.32 1 0
aggregator-services/internal/collectors/core/router.go:15.32,17.3 1 0
aggregator-services/internal/collectors/core/router.go:18.2,18.67 1 0
aggregator-services/internal/collectors/core/writer.go:33.133,35.41 2 0
aggregator-services/internal/collectors/core/writer.go:35.41,36.64 1 0
aggregator-services/internal/collectors/core/writer.go:36.64,38.4 1 0
aggregator-services/internal/collectors/core/writer.go:41.2,41.64 1 0
aggregator-services/internal/collectors/core/writer.go:41.64,42.81 1 0
aggregator-services/internal/collectors/core/writer.go:42.81,44.4 1 0
aggregator-services/internal/collectors/core/writer.go:46.2,46.46 1 0
aggregator-services/internal/collectors/core/writer.go:46.46,47.63 1 0
aggregator-services/internal/collectors/core/writer.go:47.63,49.4 1 0
aggregator-services/internal/collectors/core/writer.go:51.2,51.27 1 0
aggregator-services/internal/collectors/core/writer.go:51.27,52.35 1 0
aggregator-services/internal/collectors/core/writer.go:52.35,53.43 1 0
aggregator-services/internal/collectors/core/writer.go:53.43,54.85 1 0
aggregator-services/internal/collectors/core/writer.go:54.85,56.6 1 0
aggregator-services/internal/collectors/core/writer.go:57.10,58.87 1 0
aggregator-services/internal/collectors/core/writer.go:58.87,60.6 1 0
aggregator-services/internal/collectors/core/writer.go:63.3,63.34 1 0
aggregator-services/internal/collectors/core/writer.go:63.34,65.24 2 0
aggregator-services/internal/collectors/core/writer.go:65.24,66.75 1 0
aggregator-services/internal/collectors/core/writer.go:66.75,68.6 1 0
aggregator-services/internal/collectors/core/writer.go:72.2,72.22 1 0
aggregator-services/internal/collectors/core/writer.go:72.22,73.39 1 0
aggregator-services/internal/collectors/core/writer.go:73.39,74.85 1 0
aggregator-services/internal/collectors/core/writer.go:74.85,76.5 1 0
aggregator-services/internal/collectors/core/writer.go:78.3,78.37 1 0
aggregator-services/internal/collectors/core/writer.go:78.37,79.81 1 0
aggregator-services/internal/collectors/core/writer.go:79.81,81.5 1 0
aggregator-services/internal/collectors/core/writer.go:83.3,83.28 1 0
aggregator-services/internal/collectors/core/writer.go:83.28,85.24 2 0
aggregator-services/internal/collectors/core/writer.go:85.24,86.70 1 0
aggregator-services/internal/collectors/core/writer.go:86.70,88.6 1 0
aggregator-services/internal/collectors/core/writer.go:92.2,92.23 1 0
aggregator-services/internal/collectors/core/writer.go:92.23,93.38 1 0
aggregator-services/internal/collectors/core/writer.go:93.38,94.91 1 0
aggregator-services/internal/collectors/core/writer.go:94.91,96.5 1 0
aggregator-services/internal/collectors/core/writer.go:98.3,98.33 1 0
aggregator-services/internal/collectors/core/writer.go:98.33,99.81 1 0
aggregator-services/internal/collectors/core/writer.go:99.81,101.5 1 0
aggregator-services/internal/collectors/core/writer.go:102.4,102.88 1 0
aggregator-services/internal/collectors/core/writer.go:102.88,104.5 1 0
aggregator-services/internal/collectors/core/writer.go:106.3,106.35 1 0
aggregator-services/internal/collectors/core/writer.go:106.35,107.76 1 0
aggregator-services/internal/collectors/core/writer.go:107.76,109.5 1 0
aggregator-services/internal/collectors/core/writer.go:111.3,111.40 1 0
aggregator-services/internal/collectors/core/writer.go:111.40,112.95 1 0
aggregator-services/internal/collectors/core/writer.go:112.95,114.5 1 0
aggregator-services/internal/collectors/core/writer.go:115.4,116.24 2 0
aggregator-services/internal/collectors/core/writer.go:116.24,117.83 1 0
aggregator-services/internal/collectors/core/writer.go:117.83,119.6 1 0
aggregator-services/internal/collectors/core/writer.go:122.3,122.44 1 0
aggregator-services/internal/collectors/core/writer.go:122.44,123.103 1 0
aggregator-services/internal/collectors/core/writer.go:123.103,125.5 1 0
aggregator-services/internal/collectors/core/writer.go:127.3,127.36 1 0
aggregator-services/internal/collectors/core/writer.go:127.36,128.87 1 0
aggregator-services/internal/collectors/core/writer.go:128.87,130.5 1 0
aggregator-services/internal/collectors/core/writer.go:132.3,132.42 1 0
aggregator-services/internal/collectors/core/writer.go:132.42,133.99 1 0
aggregator-services/internal/collectors/core/writer.go:133.99,135.5 1 0
aggregator-services/internal/collectors/core/writer.go:137.3,137.42 1 0
aggregator-services/internal/collectors/core/writer.go:137.42,138.99 1 0
aggregator-services/internal/collectors/core/writer.go:138.99,140.5 1 0
aggregator-services/internal/collectors/core/writer.go:144.2,144.12 1 0
aggregator-services/internal/collectors/core/writer.go:147.43,148.18 1 0
aggregator-services/internal/collectors/core/writer.go:148.18,150.3 1 0
aggregator-services/internal/collectors/core/writer.go:151.2,151.25 1 0
aggregator-services/internal/collectors/core/writer.go:154.67,157.28 3 0
aggregator-services/internal/collectors/core/writer.go:157.28,159.3 1 0
aggregator-services/internal/collectors/core/writer.go:160.2,160.48 1 0
aggregator-services/internal/collectors/core/writer.go:160.48,163.3 2 0
aggregator-services/internal/collectors/core/writer.go:164.2,164.12 1 0
aggregator-services/internal/collectors/core/writer.go:167.112,169.37 2 1
aggregator-services/internal/collectors/core/writer.go:169.37,170.35 1 1
aggregator-services/internal/collectors/core/writer.go:170.35,171.12 1 0
aggregator-services/internal/collectors/core/writer.go:174.3,179.5 1 1
aggregator-services/internal/collectors/core/writer.go:181.2,181.15 1 1
aggregator-services/internal/collectors/core/writer.go:184.110,186.37 2 1
aggregator-services/internal/collectors/core/writer.go:186.37,187.34 1 1
aggregator-services/internal/collectors/core/writer.go:187.34,188.12 1 0
aggregator-services/internal/collectors/core/writer.go:191.3,197.5 1 1
aggregator-services/internal/collectors/core/writer.go:199.2,199.15 1 1
aggregator-services/internal/collectors/core/writer.go:202.147,207.31 4 1
aggregator-services/internal/collectors/core/writer.go:207.31,208.54 1 1
aggregator-services/internal/collectors/core/writer.go:208.54,209.12 1 0
aggregator-services/internal/collectors/core/writer.go:212.3,214.23 3 1
aggregator-services/internal/collectors/core/writer.go:214.23,227.4 2 1
aggregator-services/internal/collectors/core/writer.go:229.3,231.15 3 1
aggregator-services/internal/collectors/core/writer.go:232.23,235.44 3 1
aggregator-services/internal/collectors/core/writer.go:236.23,239.45 3 0
aggregator-services/internal/collectors/core/writer.go:240.11,243.45 3 0
aggregator-services/internal/collectors/core/writer.go:245.3,247.44 3 1
aggregator-services/internal/collectors/core/writer.go:247.44,249.4 1 1
aggregator-services/internal/collectors/core/writer.go:252.2,253.36 2 1
aggregator-services/internal/collectors/core/writer.go:253.36,255.3 1 1
aggregator-services/internal/collectors/core/writer.go:257.2,257.15 1 1
aggregator-services/internal/collectors/core/writer.go:260.50,261.41 1 1
aggregator-services/internal/collectors/core/writer.go:261.41,263.3 1 0
aggregator-services/internal/collectors/core/writer.go:264.2,264.52 1 1
aggregator-services/internal/collectors/core/writer.go:264.52,266.3 1 1
aggregator-services/internal/collectors/core/writer.go:267.2,267.13 1 0
aggregator-services/internal/collectors/core/writer.go:270.57,271.52 1 1
aggregator-services/internal/collectors/core/writer.go:272.12,273.25 1 1
aggregator-services/internal/collectors/core/writer.go:274.10,275.21 1 0
aggregator-services/internal/collectors/core/writer.go:279.69,280.27 1 1
aggregator-services/internal/collectors/core/writer.go:280.27,282.3 1 1
aggregator-services/internal/collectors/core/writer.go:283.2,283.27 1 0
aggregator-services/internal/collectors/core/writer.go:283.27,285.3 1 0
aggregator-services/internal/collectors/core/writer.go:286.2,286.49 1 0
aggregator-services/internal/collectors/core/writer.go:286.49,288.3 1 0
aggregator-services/internal/collectors/core/writer.go:289.2,289.10 1 0
aggregator-services/internal/config/config.go:95.20,163.2 2 1
aggregator-services/internal/config/config.go:165.34,177.35 3 2
aggregator-services/internal/config/config.go:177.35,178.37 1 12
aggregator-services/internal/config/config.go:178.37,180.4 1 6
aggregator-services/internal/config/config.go:183.2,183.36 1 2
aggregator-services/internal/config/config.go:183.36,185.3 1 1
aggregator-services/internal/config/config.go:187.2,187.29 1 2
aggregator-services/internal/config/config.go:187.29,189.3 1 1
aggregator-services/internal/config/config.go:190.2,190.33 1 1
aggregator-services/internal/config/config.go:190.33,192.3 1 0
aggregator-services/internal/config/config.go:193.2,193.33 1 1
aggregator-services/internal/config/config.go:193.33,195.3 1 0
aggregator-services/internal/config/config.go:196.2,196.39 1 1
aggregator-services/internal/config/config.go:196.39,198.3 1 0
aggregator-services/internal/config/config.go:199.2,199.27 1 1
aggregator-services/internal/config/config.go:199.27,201.3 1 0
aggregator-services/internal/config/config.go:202.2,202.37 1 1
aggregator-services/internal/config/config.go:202.37,204.3 1 0
aggregator-services/internal/config/config.go:205.2,205.35 1 1
aggregator-services/internal/config/config.go:205.35,207.3 1 0
aggregator-services/internal/config/config.go:208.2,208.35 1 1
aggregator-services/internal/config/config.go:208.35,210.3 1 0
aggregator-services/internal/config/config.go:211.2,211.31 1 1
aggregator-services/internal/config/config.go:211.31,213.3 1 0
aggregator-services/internal/config/config.go:214.2,214.38 1 1
aggregator-services/internal/config/config.go:214.38,216.3 1 0
aggregator-services/internal/config/config.go:217.2,217.39 1 1
aggregator-services/internal/config/config.go:217.39,219.3 1 0
aggregator-services/internal/config/config.go:220.2,220.119 1 1
aggregator-services/internal/config/config.go:220.119,222.3 1 0
aggregator-services/internal/config/config.go:223.2,223.36 1 1
aggregator-services/internal/config/config.go:223.36,225.3 1 0
aggregator-services/internal/config/config.go:226.2,226.36 1 1
aggregator-services/internal/config/config.go:226.36,228.3 1 0
aggregator-services/internal/config/config.go:229.2,229.54 1 1
aggregator-services/internal/config/config.go:229.54,231.3 1 0
aggregator-services/internal/config/config.go:232.2,232.40 1 1
aggregator-services/internal/config/config.go:232.40,234.3 1 0
aggregator-services/internal/config/config.go:235.2,235.37 1 1
aggregator-services/internal/config/config.go:235.37,237.3 1 0
aggregator-services/internal/config/config.go:238.2,238.65 1 1
aggregator-services/internal/config/config.go:238.65,240.3 1 0
aggregator-services/internal/config/config.go:242.2,242.22 1 1
aggregator-services/internal/config/config.go:242.22,244.3 1 0
aggregator-services/internal/config/config.go:246.2,246.12 1 1
aggregator-services/internal/config/config.go:249.38,251.22 2 1
aggregator-services/internal/config/config.go:251.22,253.3 1 1
aggregator-services/internal/config/config.go:255.2,266.21 5 1
aggregator-services/internal/config/config.go:269.36,271.2 1 1
aggregator-services/internal/config/config.go:273.42,275.17 2 9
aggregator-services/internal/config/config.go:275.17,277.3 1 1
aggregator-services/internal/config/config.go:279.2,279.14 1 8
aggregator-services/internal/config/config.go:282.46,284.17 2 27
aggregator-services/internal/config/config.go:284.17,286.3 1 5
aggregator-services/internal/config/config.go:288.2,289.16 2 22
aggregator-services/internal/config/config.go:289.16,291.3 1 0
aggregator-services/internal/config/config.go:293.2,293.15 1 22
aggregator-services/internal/config/config.go:296.56,298.17 2 3
aggregator-services/internal/config/config.go:298.17,300.3 1 0
aggregator-services/internal/config/config.go:302.2,303.16 2 3
aggregator-services/internal/config/config.go:303.16,305.3 1 0
aggregator-services/internal/config/config.go:307.2,307.15 1 3
aggregator-services/internal/config/config.go:310.75,312.2 1 18
aggregator-services/internal/config/config.go:314.49,316.17 2 1
aggregator-services/internal/config/config.go:316.17,318.3 1 0
aggregator-services/internal/config/config.go:320.2,320.15 1 1
aggregator-services/internal/config/config.go:321.37,322.14 1 1
aggregator-services/internal/config/config.go:323.38,324.15 1 0
aggregator-services/internal/config/config.go:325.10,326.18 1 0
aggregator-services/internal/config/config.go:330.38,334.29 3 1
aggregator-services/internal/config/config.go:334.29,336.17 2 3
aggregator-services/internal/config/config.go:336.17,338.4 1 3
aggregator-services/internal/config/config.go:341.2,341.14 1 1
aggregator-services/internal/exchanges/binance/adapter.go:20.46,26.2 1 0
aggregator-services/internal/exchanges/binance/adapter.go:100.165,101.18 1 1
aggregator-services/internal/exchanges/binance/adapter.go:102.56,103.44 1 1
aggregator-services/internal/exchanges/binance/adapter.go:104.15,105.43 1 0
aggregator-services/internal/exchanges/binance/adapter.go:106.23,107.50 1 0
aggregator-services/internal/exchanges/binance/adapter.go:108.26,109.52 1 0
aggregator-services/internal/exchanges/binance/adapter.go:110.20,111.47 1 0
aggregator-services/internal/exchanges/binance/adapter.go:112.15,113.43 1 0
aggregator-services/internal/exchanges/binance/adapter.go:114.42,115.47 1 0
aggregator-services/internal/exchanges/binance/adapter.go:116.21,117.49 1 0
aggregator-services/internal/exchanges/binance/adapter.go:118.10,119.73 1 0
aggregator-services/internal/exchanges/binance/adapter.go:123.135,125.83 2 1
aggregator-services/internal/exchanges/binance/adapter.go:125.83,127.3 1 0
aggregator-services/internal/exchanges/binance/adapter.go:129.2,130.59 2 1
aggregator-services/internal/exchanges/binance/adapter.go:130.59,132.3 1 0
aggregator-services/internal/exchanges/binance/adapter.go:134.2,135.26 2 1
aggregator-services/internal/exchanges/binance/adapter.go:135.26,137.3 1 1
aggregator-services/internal/exchanges/binance/adapter.go:138.2,138.21 1 1
aggregator-services/internal/exchanges/binance/adapter.go:138.21,140.3 1 0
aggregator-services/internal/exchanges/binance/adapter.go:142.2,156.16 2 1
aggregator-services/internal/exchanges/binance/adapter.go:156.16,158.3 1 0
aggregator-services/internal/exchanges/binance/adapter.go:160.2,160.109 1 1
aggregator-services/internal/exchanges/binance/adapter.go:163.134,165.59 2 0
aggregator-services/internal/exchanges/binance/adapter.go:165.59,167.3 1 0
aggregator-services/internal/exchanges/binance/adapter.go:169.2,170.27 2 0
aggregator-services/internal/exchanges/binance/adapter.go:170.27,175.18 5 0
aggregator-services/internal/exchanges/binance/adapter.go:175.18,176.39 1 0
aggregator-services/internal/exchanges/binance/adapter.go:176.39,178.5 1 0
aggregator-services/internal/exchanges/binance/adapter.go:180.3,202.58 2 0
aggregator-services/internal/exchanges/binance/adapter.go:202.58,203.12 1 0
aggregator-services/internal/exchanges/binance/adapter.go:205.3,205.33 1 0
aggregator-services/internal/exchanges/binance/adapter.go:208.2,208.58 1 0
aggregator-services/internal/exchanges/binance/adapter.go:211.141,213.55 2 0
aggregator-services/internal/exchanges/binance/adapter.go:213.55,215.3 1 0
aggregator-services/internal/exchanges/binance/adapter.go:217.2,218.17 2 0
aggregator-services/internal/exchanges/binance/adapter.go:218.17,220.3 1 0
aggregator-services/internal/exchanges/binance/adapter.go:222.2,234.72 3 0
aggregator-services/internal/exchanges/binance/adapter.go:234.72,236.3 1 0
aggregator-services/internal/exchanges/binance/adapter.go:238.2,238.102 1 0
aggregator-services/internal/exchanges/binance/adapter.go:241.143,243.58 2 0
aggregator-services/internal/exchanges/binance/adapter.go:243.58,245.3 1 0
aggregator-services/internal/exchanges/binance/adapter.go:247.2,248.29 2 0
aggregator-services/internal/exchanges/binance/adapter.go:248.29,264.67 3 0
aggregator-services/internal/exchanges/binance/adapter.go:264.67,265.12 1 0
aggregator-services/internal/exchanges/binance/adapter.go:267.3,267.33 1 0
aggregator-services/internal/exchanges/binance/adapter.go:270.2,270.67 1 0
aggregator-services/internal/exchanges/binance/adapter.go:273.138,275.58 2 0
aggregator-services/internal/exchanges/binance/adapter.go:275.58,277.3 1 0
aggregator-services/internal/exchanges/binance/adapter.go:279.2,280.29 2 0
aggregator-services/internal/exchanges/binance/adapter.go:280.29,286.19 6 0
aggregator-services/internal/exchanges/binance/adapter.go:286.19,289.4 2 0
aggregator-services/internal/exchanges/binance/adapter.go:290.3,305.61 2 0
aggregator-services/internal/exchanges/binance/adapter.go:305.61,306.12 1 0
aggregator-services/internal/exchanges/binance/adapter.go:308.3,308.32 1 0
aggregator-services/internal/exchanges/binance/adapter.go:311.2,311.62 1 0
aggregator-services/internal/exchanges/binance/adapter.go:314.134,316.58 2 0
aggregator-services/internal/exchanges/binance/adapter.go:316.58,318.3 1 0
aggregator-services/internal/exchanges/binance/adapter.go:320.2,321.29 2 0
aggregator-services/internal/exchanges/binance/adapter.go:321.29,328.23 7 0
aggregator-services/internal/exchanges/binance/adapter.go:328.23,331.4 2 0
aggregator-services/internal/exchanges/binance/adapter.go:332.3,347.69 2 0
aggregator-services/internal/exchanges/binance/adapter.go:347.69,348.12 1 0
aggregator-services/internal/exchanges/binance/adapter.go:350.3,350.37 1 0
aggregator-services/internal/exchanges/binance/adapter.go:353.2,353.65 1 0
aggregator-services/internal/exchanges/binance/adapter.go:356.138,358.55 2 0
aggregator-services/internal/exchanges/binance/adapter.go:358.55,360.3 1 0
aggregator-services/internal/exchanges/binance/adapter.go:362.2,365.33 4 0
aggregator-services/internal/exchanges/binance/adapter.go:365.33,368.3 2 0
aggregator-services/internal/exchanges/binance/adapter.go:370.2,371.42 2 0
aggregator-services/internal/exchanges/binance/adapter.go:371.42,374.18 3 0
aggregator-services/internal/exchanges/binance/adapter.go:374.18,377.4 2 0
aggregator-services/internal/exchanges/binance/adapter.go:380.2,381.38 2 0
aggregator-services/internal/exchanges/binance/adapter.go:381.38,386.3 4 0
aggregator-services/internal/exchanges/binance/adapter.go:388.2,404.68 2 0
aggregator-services/internal/exchanges/binance/adapter.go:404.68,406.3 1 0
aggregator-services/internal/exchanges/binance/adapter.go:408.2,408.112 1 0
aggregator-services/internal/exchanges/binance/adapter.go:411.140,413.58 2 0
aggregator-services/internal/exchanges/binance/adapter.go:413.58,415.3 1 0
aggregator-services/internal/exchanges/binance/adapter.go:417.2,423.29 6 0
aggregator-services/internal/exchanges/binance/adapter.go:423.29,428.33 5 0
aggregator-services/internal/exchanges/binance/adapter.go:428.33,430.4 1 0
aggregator-services/internal/exchanges/binance/adapter.go:432.3,448.69 2 0
aggregator-services/internal/exchanges/binance/adapter.go:448.69,449.12 1 0
aggregator-services/internal/exchanges/binance/adapter.go:451.3,454.10 3 0
aggregator-services/internal/exchanges/binance/adapter.go:454.10,465.4 2 0
aggregator-services/internal/exchanges/binance/adapter.go:466.3,468.43 3 0
aggregator-services/internal/exchanges/binance/adapter.go:468.43,470.4 1 0
aggregator-services/internal/exchanges/binance/adapter.go:471.3,471.49 1 0
aggregator-services/internal/exchanges/binance/adapter.go:471.49,475.4 3 0
aggregator-services/internal/exchanges/binance/adapter.go:475.9,479.4 3 0
aggregator-services/internal/exchanges/binance/adapter.go:482.2,482.32 1 0
aggregator-services/internal/exchanges/binance/adapter.go:482.32,486.3 3 0
aggregator-services/internal/exchanges/binance/adapter.go:488.2,491.8 1 0
aggregator-services/internal/exchanges/binance/adapter.go:494.36,497.2 2 0
aggregator-services/internal/exchanges/binance/adapter.go:499.35,502.2 2 0
aggregator-services/internal/exchanges/binance/adapter.go:504.31,507.2 2 0
aggregator-services/internal/exchanges/binance/adapter.go:509.48,511.29 2 0
aggregator-services/internal/exchanges/binance/adapter.go:511.29,512.19 1 0
aggregator-services/internal/exchanges/binance/adapter.go:512.19,513.12 1 0
aggregator-services/internal/exchanges/binance/adapter.go:515.3,517.24 3 0
aggregator-services/internal/exchanges/binance/adapter.go:519.2,519.14 1 0
aggregator-services/internal/database/postgres.go:23.85,25.16 2 0
aggregator-services/internal/database/postgres.go:25.16,27.3 1 0
aggregator-services/internal/database/postgres.go:29.2,34.44 5 0
aggregator-services/internal/database/postgres.go:34.44,37.3 2 0
aggregator-services/internal/database/postgres.go:39.2,39.31 1 0
aggregator-services/internal/database/postgres.go:42.33,44.2 1 0
aggregator-services/internal/database/postgres.go:46.52,48.2 1 0
aggregator-services/internal/database/postgres.go:50.34,52.2 1 0
aggregator-services/internal/exchanges/bitget/adapter.go:19.46,25.2 1 0
aggregator-services/internal/exchanges/bitget/adapter.go:67.165,68.18 1 1
aggregator-services/internal/exchanges/bitget/adapter.go:69.56,70.44 1 1
aggregator-services/internal/exchanges/bitget/adapter.go:71.15,72.43 1 0
aggregator-services/internal/exchanges/bitget/adapter.go:73.23,74.50 1 0
aggregator-services/internal/exchanges/bitget/adapter.go:75.26,76.52 1 0
aggregator-services/internal/exchanges/bitget/adapter.go:77.42,78.47 1 0
aggregator-services/internal/exchanges/bitget/adapter.go:79.10,80.73 1 0
aggregator-services/internal/exchanges/bitget/adapter.go:84.135,86.60 2 1
aggregator-services/internal/exchanges/bitget/adapter.go:86.60,88.3 1 0
aggregator-services/internal/exchanges/bitget/adapter.go:89.2,89.51 1 1
aggregator-services/internal/exchanges/bitget/adapter.go:89.51,91.3 1 0
aggregator-services/internal/exchanges/bitget/adapter.go:93.2,94.16 2 1
aggregator-services/internal/exchanges/bitget/adapter.go:94.16,96.3 1 0
aggregator-services/internal/exchanges/bitget/adapter.go:97.2,98.16 2 1
aggregator-services/internal/exchanges/bitget/adapter.go:98.16,100.3 1 0
aggregator-services/internal/exchanges/bitget/adapter.go:101.2,116.16 2 1
aggregator-services/internal/exchanges/bitget/adapter.go:116.16,118.3 1 0
aggregator-services/internal/exchanges/bitget/adapter.go:120.2,120.109 1 1
aggregator-services/internal/exchanges/bitget/adapter.go:123.134,125.60 2 0
aggregator-services/internal/exchanges/bitget/adapter.go:125.60,127.3 1 0
aggregator-services/internal/exchanges/bitget/adapter.go:128.2,128.51 1 0
aggregator-services/internal/exchanges/bitget/adapter.go:128.51,130.3 1 0
aggregator-services/internal/exchanges/bitget/adapter.go:132.2,133.62 2 0
aggregator-services/internal/exchanges/bitget/adapter.go:133.62,135.3 1 0
aggregator-services/internal/exchanges/bitget/adapter.go:137.2,138.27 2 0
aggregator-services/internal/exchanges/bitget/adapter.go:138.27,160.58 4 0
aggregator-services/internal/exchanges/bitget/adapter.go:160.58,161.12 1 0
aggregator-services/internal/exchanges/bitget/adapter.go:163.3,163.33 1 0
aggregator-services/internal/exchanges/bitget/adapter.go:166.2,166.58 1 0
aggregator-services/internal/exchanges/bitget/adapter.go:169.141,171.60 2 0
aggregator-services/internal/exchanges/bitget/adapter.go:171.60,173.3 1 0
aggregator-services/internal/exchanges/bitget/adapter.go:174.2,174.51 1 0
aggregator-services/internal/exchanges/bitget/adapter.go:174.51,176.3 1 0
aggregator-services/internal/exchanges/bitget/adapter.go:178.2,179.61 2 0
aggregator-services/internal/exchanges/bitget/adapter.go:179.61,181.3 1 0
aggregator-services/internal/exchanges/bitget/adapter.go:182.2,182.21 1 0
aggregator-services/internal/exchanges/bitget/adapter.go:182.21,184.3 1 0
aggregator-services/internal/exchanges/bitget/adapter.go:186.2,188.19 3 0
aggregator-services/internal/exchanges/bitget/adapter.go:188.19,190.17 2 0
aggregator-services/internal/exchanges/bitget/adapter.go:190.17,192.4 1 0
aggregator-services/internal/exchanges/bitget/adapter.go:195.2,207.72 3 0
aggregator-services/internal/exchanges/bitget/adapter.go:207.72,209.3 1 0
aggregator-services/internal/exchanges/bitget/adapter.go:211.2,211.102 1 0
aggregator-services/internal/exchanges/bitget/adapter.go:214.143,216.60 2 0
aggregator-services/internal/exchanges/bitget/adapter.go:216.60,218.3 1 0
aggregator-services/internal/exchanges/bitget/adapter.go:219.2,219.51 1 0
aggregator-services/internal/exchanges/bitget/adapter.go:219.51,221.3 1 0
aggregator-services/internal/exchanges/bitget/adapter.go:223.2,224.61 2 0
aggregator-services/internal/exchanges/bitget/adapter.go:224.61,226.3 1 0
aggregator-services/internal/exchanges/bitget/adapter.go:228.2,229.29 2 0
aggregator-services/internal/exchanges/bitget/adapter.go:229.29,231.20 2 0
aggregator-services/internal/exchanges/bitget/adapter.go:231.20,233.18 2 0
aggregator-services/internal/exchanges/bitget/adapter.go:233.18,235.5 1 0
aggregator-services/internal/exchanges/bitget/adapter.go:238.3,241.44 4 0
aggregator-services/internal/exchanges/bitget/adapter.go:241.44,244.4 2 0
aggregator-services/internal/exchanges/bitget/adapter.go:246.3,260.67 2 0
aggregator-services/internal/exchanges/bitget/adapter.go:260.67,261.12 1 0
aggregator-services/internal/exchanges/bitget/adapter.go:263.3,263.33 1 0
aggregator-services/internal/exchanges/bitget/adapter.go:266.2,266.67 1 0
aggregator-services/internal/exchanges/bitget/adapter.go:269.138,271.60 2 0
aggregator-services/internal/exchanges/bitget/adapter.go:271.60,273.3 1 0
aggregator-services/internal/exchanges/bitget/adapter.go:274.2,274.51 1 0
aggregator-services/internal/exchanges/bitget/adapter.go:274.51,276.3 1 0
aggregator-services/internal/exchanges/bitget/adapter.go:278.2,279.61 2 0
aggregator-services/internal/exchanges/bitget/adapter.go:279.61,281.3 1 0
aggregator-services/internal/exchanges/bitget/adapter.go:282.2,282.21 1 0
aggregator-services/internal/exchanges/bitget/adapter.go:282.21,284.3 1 0
aggregator-services/internal/exchanges/bitget/adapter.go:286.2,290.33 5 0
aggregator-services/internal/exchanges/bitget/adapter.go:290.33,293.3 2 0
aggregator-services/internal/exchanges/bitget/adapter.go:295.2,296.42 2 0
aggregator-services/internal/exchanges/bitget/adapter.go:296.42,299.18 3 0
aggregator-services/internal/exchanges/bitget/adapter.go:299.18,302.4 2 0
aggregator-services/internal/exchanges/bitget/adapter.go:305.2,306.38 2 0
aggregator-services/internal/exchanges/bitget/adapter.go:306.38,311.3 4 0
aggregator-services/internal/exchanges/bitget/adapter.go:313.2,329.68 2 0
aggregator-services/internal/exchanges/bitget/adapter.go:329.68,331.3 1 0
aggregator-services/internal/exchanges/bitget/adapter.go:333.2,333.112 1 0
aggregator-services/internal/exchanges/bitget/adapter.go:336.61,338.68 2 1
aggregator-services/internal/exchanges/bitget/adapter.go:338.68,340.3 1 1
aggregator-services/internal/exchanges/bitget/adapter.go:342.2,343.51 2 0
aggregator-services/internal/exchanges/bitget/adapter.go:343.51,345.3 1 0
aggregator-services/internal/exchanges/bitget/adapter.go:346.2,346.23 1 0
aggregator-services/internal/exchanges/bitget/adapter.go:346.23,348.3 1 0
aggregator-services/internal/exchanges/bitget/adapter.go:350.2,350.18 1 0
aggregator-services/internal/exchanges/bitget/adapter.go:353.36,356.2 2 0
aggregator-services/internal/exchanges/bitget/adapter.go:358.35,361.2 2 0
aggregator-services/internal/exchanges/bitget/adapter.go:363.31,366.2 2 0
aggregator-services/internal/exchanges/bitget/adapter.go:368.48,370.29 2 0
aggregator-services/internal/exchanges/bitget/adapter.go:370.29,371.19 1 0
aggregator-services/internal/exchanges/bitget/adapter.go:371.19,372.12 1 0
aggregator-services/internal/exchanges/bitget/adapter.go:374.3,376.24 3 0
aggregator-services/internal/exchanges/bitget/adapter.go:378.2,378.14 1 0
aggregator-services/internal/exchanges/bybit/adapter.go:21.46,27.2 1 0
aggregator-services/internal/exchanges/bybit/adapter.go:97.165,98.18 1 1
aggregator-services/internal/exchanges/bybit/adapter.go:99.56,100.44 1 1
aggregator-services/internal/exchanges/bybit/adapter.go:101.15,102.43 1 0
aggregator-services/internal/exchanges/bybit/adapter.go:103.23,104.50 1 0
aggregator-services/internal/exchanges/bybit/adapter.go:105.26,106.52 1 0
aggregator-services/internal/exchanges/bybit/adapter.go:107.42,108.47 1 0
aggregator-services/internal/exchanges/bybit/adapter.go:109.21,110.49 1 0
aggregator-services/internal/exchanges/bybit/adapter.go:111.10,112.73 1 0
aggregator-services/internal/exchanges/bybit/adapter.go:116.59,118.51 2 1
aggregator-services/internal/exchanges/bybit/adapter.go:118.51,120.3 1 0
aggregator-services/internal/exchanges/bybit/adapter.go:121.2,121.22 1 1
aggregator-services/internal/exchanges/bybit/adapter.go:121.22,123.3 1 0
aggregator-services/internal/exchanges/bybit/adapter.go:124.2,124.17 1 1
aggregator-services/internal/exchanges/bybit/adapter.go:127.135,129.16 2 1
aggregator-services/internal/exchanges/bybit/adapter.go:129.16,131.3 1 0
aggregator-services/internal/exchanges/bybit/adapter.go:133.2,134.60 2 1
aggregator-services/internal/exchanges/bybit/adapter.go:134.60,136.3 1 0
aggregator-services/internal/exchanges/bybit/adapter.go:137.2,137.27 1 1
aggregator-services/internal/exchanges/bybit/adapter.go:137.27,139.3 1 0
aggregator-services/internal/exchanges/bybit/adapter.go:141.2,143.16 3 1
aggregator-services/internal/exchanges/bybit/adapter.go:143.16,145.3 1 0
aggregator-services/internal/exchanges/bybit/adapter.go:147.2,162.16 2 1
aggregator-services/internal/exchanges/bybit/adapter.go:162.16,164.3 1 0
aggregator-services/internal/exchanges/bybit/adapter.go:166.2,166.109 1 1
aggregator-services/internal/exchanges/bybit/adapter.go:169.134,171.16 2 0
aggregator-services/internal/exchanges/bybit/adapter.go:171.16,173.3 1 0
aggregator-services/internal/exchanges/bybit/adapter.go:175.2,176.60 2 0
aggregator-services/internal/exchanges/bybit/adapter.go:176.60,178.3 1 0
aggregator-services/internal/exchanges/bybit/adapter.go:180.2,181.32 2 0
aggregator-services/internal/exchanges/bybit/adapter.go:181.32,182.17 1 0
aggregator-services/internal/exchanges/bybit/adapter.go:182.17,183.12 1 0
aggregator-services/internal/exchanges/bybit/adapter.go:185.3,205.58 3 0
aggregator-services/internal/exchanges/bybit/adapter.go:205.58,206.12 1 0
aggregator-services/internal/exchanges/bybit/adapter.go:208.3,208.31 1 0
aggregator-services/internal/exchanges/bybit/adapter.go:211.2,211.57 1 0
aggregator-services/internal/exchanges/bybit/adapter.go:214.141,216.16 2 0
aggregator-services/internal/exchanges/bybit/adapter.go:216.16,218.3 1 0
aggregator-services/internal/exchanges/bybit/adapter.go:220.2,221.60 2 0
aggregator-services/internal/exchanges/bybit/adapter.go:221.60,223.3 1 0
aggregator-services/internal/exchanges/bybit/adapter.go:224.2,224.27 1 0
aggregator-services/internal/exchanges/bybit/adapter.go:224.27,226.3 1 0
aggregator-services/internal/exchanges/bybit/adapter.go:228.2,230.26 3 0
aggregator-services/internal/exchanges/bybit/adapter.go:230.26,232.3 1 0
aggregator-services/internal/exchanges/bybit/adapter.go:234.2,245.72 2 0
aggregator-services/internal/exchanges/bybit/adapter.go:245.72,247.3 1 0
aggregator-services/internal/exchanges/bybit/adapter.go:249.2,249.102 1 0
aggregator-services/internal/exchanges/bybit/adapter.go:252.143,254.16 2 0
aggregator-services/internal/exchanges/bybit/adapter.go:254.16,256.3 1 0
aggregator-services/internal/exchanges/bybit/adapter.go:258.2,259.60 2 0
aggregator-services/internal/exchanges/bybit/adapter.go:259.60,261.3 1 0
aggregator-services/internal/exchanges/bybit/adapter.go:263.2,264.35 2 0
aggregator-services/internal/exchanges/bybit/adapter.go:264.35,269.42 5 0
aggregator-services/internal/exchanges/bybit/adapter.go:269.42,272.4 2 0
aggregator-services/internal/exchanges/bybit/adapter.go:274.3,288.67 2 0
aggregator-services/internal/exchanges/bybit/adapter.go:288.67,289.12 1 0
aggregator-services/internal/exchanges/bybit/adapter.go:291.3,291.31 1 0
aggregator-services/internal/exchanges/bybit/adapter.go:294.2,294.66 1 0
aggregator-services/internal/exchanges/bybit/adapter.go:297.138,299.16 2 0
aggregator-services/internal/exchanges/bybit/adapter.go:299.16,301.3 1 0
aggregator-services/internal/exchanges/bybit/adapter.go:303.2,304.56 2 0
aggregator-services/internal/exchanges/bybit/adapter.go:304.56,306.3 1 0
aggregator-services/internal/exchanges/bybit/adapter.go:308.2,311.33 4 0
aggregator-services/internal/exchanges/bybit/adapter.go:311.33,314.3 2 0
aggregator-services/internal/exchanges/bybit/adapter.go:316.2,317.42 2 0
aggregator-services/internal/exchanges/bybit/adapter.go:317.42,320.18 3 0
aggregator-services/internal/exchanges/bybit/adapter.go:320.18,323.4 2 0
aggregator-services/internal/exchanges/bybit/adapter.go:326.2,327.38 2 0
aggregator-services/internal/exchanges/bybit/adapter.go:327.38,332.3 4 0
aggregator-services/internal/exchanges/bybit/adapter.go:334.2,350.68 2 0
aggregator-services/internal/exchanges/bybit/adapter.go:350.68,352.3 1 0
aggregator-services/internal/exchanges/bybit/adapter.go:354.2,354.112 1 0
aggregator-services/internal/exchanges/bybit/adapter.go:357.140,359.16 2 0
aggregator-services/internal/exchanges/bybit/adapter.go:359.16,361.3 1 0
aggregator-services/internal/exchanges/bybit/adapter.go:363.2,364.60 2 0
aggregator-services/internal/exchanges/bybit/adapter.go:364.60,366.3 1 0
aggregator-services/internal/exchanges/bybit/adapter.go:368.2,374.35 6 0
aggregator-services/internal/exchanges/bybit/adapter.go:374.35,379.34 5 0
aggregator-services/internal/exchanges/bybit/adapter.go:379.34,381.4 1 0
aggregator-services/internal/exchanges/bybit/adapter.go:382.3,400.69 3 0
aggregator-services/internal/exchanges/bybit/adapter.go:400.69,401.12 1 0
aggregator-services/internal/exchanges/bybit/adapter.go:403.3,406.10 3 0
aggregator-services/internal/exchanges/bybit/adapter.go:406.10,417.4 2 0
aggregator-services/internal/exchanges/bybit/adapter.go:418.3,420.43 3 0
aggregator-services/internal/exchanges/bybit/adapter.go:420.43,422.4 1 0
aggregator-services/internal/exchanges/bybit/adapter.go:423.3,423.49 1 0
aggregator-services/internal/exchanges/bybit/adapter.go:423.49,427.4 3 0
aggregator-services/internal/exchanges/bybit/adapter.go:427.9,431.4 3 0
aggregator-services/internal/exchanges/bybit/adapter.go:434.2,434.32 1 0
aggregator-services/internal/exchanges/bybit/adapter.go:434.32,438.3 3 0
aggregator-services/internal/exchanges/bybit/adapter.go:440.2,443.8 1 0
aggregator-services/internal/exchanges/bybit/adapter.go:446.36,449.2 2 0
aggregator-services/internal/exchanges/bybit/adapter.go:451.35,454.2 2 0
aggregator-services/internal/exchanges/bybit/adapter.go:456.31,459.2 2 0
aggregator-services/internal/exchanges/bybit/adapter.go:461.48,463.29 2 0
aggregator-services/internal/exchanges/bybit/adapter.go:463.29,464.19 1 0
aggregator-services/internal/exchanges/bybit/adapter.go:464.19,465.12 1 0
aggregator-services/internal/exchanges/bybit/adapter.go:467.3,469.24 3 0
aggregator-services/internal/exchanges/bybit/adapter.go:471.2,471.14 1 0
aggregator-services/internal/exchanges/common/adapter.go:23.40,25.2 1 0
aggregator-services/internal/exchanges/common/adapter.go:27.150,29.2 1 0
aggregator-services/internal/exchanges/common/adapter.go:31.97,32.9 1 0
aggregator-services/internal/exchanges/common/adapter.go:33.20,34.24 1 0
aggregator-services/internal/exchanges/common/adapter.go:35.10,35.10 0 0
aggregator-services/internal/exchanges/common/adapter.go:38.2,39.18 2 0
aggregator-services/internal/exchanges/common/adapter.go:39.18,41.3 1 0
aggregator-services/internal/exchanges/common/adapter.go:43.2,48.19 5 0
aggregator-services/internal/exchanges/common/adapter.go:48.19,50.3 1 0
aggregator-services/internal/exchanges/common/adapter.go:52.2,53.16 2 0
aggregator-services/internal/exchanges/common/adapter.go:53.16,55.3 1 0
aggregator-services/internal/exchanges/common/adapter.go:56.2,59.16 3 0
[...]
aggregator-services/internal/scheduler/planner.go:98.3,99.46 2 2
aggregator-services/internal/scheduler/planner.go:99.46,100.58 1 2
aggregator-services/internal/scheduler/planner.go:100.58,102.13 2 0
aggregator-services/internal/scheduler/planner.go:105.4,121.6 3 2
aggregator-services/internal/scheduler/planner.go:125.2,126.20 2 3
aggregator-services/internal/scheduler/planner.go:126.20,128.3 1 1
aggregator-services/internal/scheduler/planner.go:130.2,131.16 2 2
aggregator-services/internal/scheduler/planner.go:131.16,133.3 1 0
aggregator-services/internal/scheduler/planner.go:134.2,136.20 2 2
aggregator-services/internal/scheduler/planner.go:139.38,141.2 1 1
aggregator-services/internal/scheduler/planner.go:143.130,150.22 2 2
aggregator-services/internal/scheduler/planner.go:150.22,158.3 7 1
aggregator-services/internal/scheduler/planner.go:160.2,161.16 2 2
aggregator-services/internal/scheduler/planner.go:161.16,163.3 1 0
aggregator-services/internal/scheduler/planner.go:165.2,165.12 1 2
aggregator-services/internal/scheduler/policies.go:5.42,6.50 1 2
aggregator-services/internal/scheduler/policies.go:7.18,8.13 1 1
aggregator-services/internal/scheduler/policies.go:9.10,10.11 1 1
aggregator-services/internal/scheduler/policies.go:14.55,15.37 1 3
aggregator-services/internal/scheduler/policies.go:16.29,17.27 1 0
aggregator-services/internal/scheduler/policies.go:18.31,19.29 1 0
aggregator-services/internal/scheduler/policies.go:20.29,21.19 1 1
aggregator-services/internal/scheduler/policies.go:22.10,23.24 1 2
aggregator-services/internal/scheduler/recovery.go:15.119,16.28 1 0
aggregator-services/internal/scheduler/recovery.go:16.28,18.3 1 0
aggregator-services/internal/scheduler/recovery.go:20.2,36.16 4 0
aggregator-services/internal/scheduler/recovery.go:36.16,38.3 1 0
aggregator-services/internal/scheduler/recovery.go:39.2,49.16 3 0
aggregator-services/internal/scheduler/recovery.go:49.16,51.3 1 0
aggregator-services/internal/scheduler/recovery.go:52.2,54.20 2 0
aggregator-services/internal/scheduler/recovery.go:57.72,65.2 2 0
aggregator-services/internal/scheduler/repository.go:19.76,21.2 1 0
aggregator-services/internal/scheduler/repository.go:23.80,32.16 2 0
aggregator-services/internal/scheduler/repository.go:32.16,34.3 1 0
aggregator-services/internal/scheduler/repository.go:35.2,38.18 3 0
aggregator-services/internal/scheduler/repository.go:38.18,40.17 2 0
aggregator-services/internal/scheduler/repository.go:40.17,42.4 1 0
aggregator-services/internal/scheduler/repository.go:43.3,43.38 1 0
aggregator-services/internal/scheduler/repository.go:45.2,45.35 1 0
aggregator-services/internal/scheduler/repository.go:45.35,47.3 1 0
aggregator-services/internal/scheduler/repository.go:49.2,49.22 1 0
aggregator-services/internal/scheduler/repository.go:52.140,55.34 3 0
aggregator-services/internal/scheduler/repository.go:55.34,57.3 1 0
aggregator-services/internal/scheduler/repository.go:59.2,60.16 2 0
aggregator-services/internal/scheduler/repository.go:60.16,62.3 1 0
aggregator-services/internal/scheduler/repository.go:64.2,64.27 1 0
aggregator-services/internal/scheduler/repository.go:64.27,66.17 2 0
aggregator-services/internal/scheduler/repository.go:66.17,68.4 1 0
aggregator-services/internal/scheduler/repository.go:69.3,69.48 1 0
aggregator-services/internal/scheduler/repository.go:72.2,72.38 1 0
aggregator-services/internal/scheduler/repository.go:72.38,74.3 1 0
aggregator-services/internal/scheduler/repository.go:76.2,77.32 2 0
aggregator-services/internal/scheduler/repository.go:77.32,78.41 1 0
aggregator-services/internal/scheduler/repository.go:78.41,79.117 1 0
aggregator-services/internal/scheduler/repository.go:79.117,80.13 1 0
aggregator-services/internal/scheduler/repository.go:83.4,91.9 2 0
aggregator-services/internal/scheduler/repository.go:93.3,93.40 1 0
aggregator-services/internal/scheduler/repository.go:93.40,94.9 1 0
aggregator-services/internal/scheduler/repository.go:98.2,98.20 1 0
aggregator-services/internal/scheduler/repository.go:101.79,102.20 1 0
aggregator-services/internal/scheduler/repository.go:102.20,104.3 1 0
aggregator-services/internal/scheduler/repository.go:106.2,107.16 2 0
aggregator-services/internal/scheduler/repository.go:107.16,109.3 1 0
aggregator-services/internal/scheduler/repository.go:110.2,113.27 3 0
aggregator-services/internal/scheduler/repository.go:113.27,140.17 2 0
aggregator-services/internal/scheduler/repository.go:140.17,142.4 1 0
aggregator-services/internal/scheduler/repository.go:144.3,145.17 2 0
aggregator-services/internal/scheduler/repository.go:145.17,147.4 1 0
aggregator-services/internal/scheduler/repository.go:148.3,148.32 1 0
aggregator-services/internal/scheduler/repository.go:151.2,151.36 1 0
aggregator-services/internal/scheduler/repository.go:151.36,153.3 1 0
aggregator-services/internal/scheduler/repository.go:155.2,155.22 1 0
aggregator-services/internal/scheduler/repository.go:158.86,159.15 1 0
aggregator-services/internal/scheduler/repository.go:159.15,161.3 1 0
aggregator-services/internal/scheduler/repository.go:163.2,164.16 2 0
aggregator-services/internal/scheduler/repository.go:164.16,166.3 1 0
aggregator-services/internal/scheduler/repository.go:167.2,191.16 3 0
aggregator-services/internal/scheduler/repository.go:191.16,193.3 1 0
aggregator-services/internal/scheduler/repository.go:194.2,197.16 3 0
aggregator-services/internal/scheduler/repository.go:197.16,199.3 1 0
aggregator-services/internal/scheduler/repository.go:201.2,201.36 1 0
aggregator-services/internal/scheduler/repository.go:201.36,203.3 1 0
aggregator-services/internal/scheduler/repository.go:205.2,205.18 1 0
aggregator-services/internal/scheduler/repository.go:208.79,210.2 1 0
aggregator-services/internal/scheduler/repository.go:212.105,219.2 1 0
aggregator-services/internal/scheduler/repository.go:221.117,223.16 2 0
aggregator-services/internal/scheduler/repository.go:223.16,225.3 1 0
aggregator-services/internal/scheduler/repository.go:226.2,226.27 1 0
aggregator-services/internal/scheduler/repository.go:226.27,228.3 1 0
aggregator-services/internal/scheduler/repository.go:230.2,231.16 2 0
aggregator-services/internal/scheduler/repository.go:231.16,233.3 1 0
aggregator-services/internal/scheduler/repository.go:234.2,245.72 2 0
aggregator-services/internal/scheduler/repository.go:245.72,247.3 1 0
aggregator-services/internal/scheduler/repository.go:249.2,249.16 1 0
aggregator-services/internal/scheduler/repository.go:249.16,272.17 1 0
aggregator-services/internal/scheduler/repository.go:272.17,274.4 1 0
aggregator-services/internal/scheduler/repository.go:277.2,277.36 1 0
aggregator-services/internal/scheduler/repository.go:277.36,279.3 1 0
aggregator-services/internal/scheduler/repository.go:281.2,281.12 1 0
aggregator-services/internal/scheduler/repository.go:284.107,297.16 2 0
aggregator-services/internal/scheduler/repository.go:297.16,299.3 1 0
aggregator-services/internal/scheduler/repository.go:301.2,301.12 1 0
aggregator-services/internal/scheduler/repository.go:304.111,314.16 2 0
aggregator-services/internal/scheduler/repository.go:314.16,316.3 1 0
aggregator-services/internal/scheduler/repository.go:318.2,318.12 1 0
aggregator-services/internal/scheduler/repository.go:321.42,323.17 2 0
aggregator-services/internal/scheduler/repository.go:323.17,325.3 1 0
aggregator-services/internal/scheduler/repository.go:326.2,326.14 1 0
aggregator-services/internal/scheduler/repository.go:329.49,352.16 2 0
aggregator-services/internal/scheduler/repository.go:352.16,354.3 1 0
aggregator-services/internal/scheduler/repository.go:356.2,359.20 3 0
aggregator-services/internal/scheduler/repository.go:362.46,364.18 2 0
aggregator-services/internal/scheduler/repository.go:364.18,366.17 2 0
aggregator-services/internal/scheduler/repository.go:366.17,368.4 1 0
aggregator-services/internal/scheduler/repository.go:369.3,369.27 1 0
aggregator-services/internal/scheduler/repository.go:371.2,371.35 1 0
aggregator-services/internal/scheduler/repository.go:371.35,373.3 1 0
aggregator-services/internal/scheduler/repository.go:375.2,375.18 1 0
aggregator-services/internal/scheduler/repository.go:378.43,414.16 2 0
aggregator-services/internal/scheduler/repository.go:414.16,416.3 1 0
aggregator-services/internal/scheduler/repository.go:418.2,424.21 7 0
aggregator-services/internal/scheduler/repository.go:424.21,426.3 1 0
aggregator-services/internal/scheduler/repository.go:427.2,427.22 1 0
aggregator-services/internal/scheduler/repository.go:427.22,429.3 1 0
aggregator-services/internal/scheduler/repository.go:431.2,431.17 1 0
aggregator-services/internal/scheduler/repository.go:434.90,442.16 2 0
aggregator-services/internal/scheduler/repository.go:442.16,444.3 1 0
aggregator-services/internal/scheduler/repository.go:445.2,448.18 3 0
aggregator-services/internal/scheduler/repository.go:448.18,450.40 2 0
aggregator-services/internal/scheduler/repository.go:450.40,452.4 1 0
aggregator-services/internal/scheduler/repository.go:453.3,453.26 1 0
aggregator-services/internal/scheduler/repository.go:455.2,455.35 1 0
aggregator-services/internal/scheduler/repository.go:455.35,457.3 1 0
aggregator-services/internal/scheduler/repository.go:459.2,459.20 1 0
aggregator-services/internal/scheduler/repository.go:462.89,463.19 1 0
aggregator-services/internal/scheduler/repository.go:463.19,465.3 1 0
aggregator-services/internal/scheduler/repository.go:467.2,468.31 2 0
aggregator-services/internal/scheduler/repository.go:468.31,469.34 1 0
aggregator-services/internal/scheduler/repository.go:469.34,471.4 1 0
aggregator-services/internal/scheduler/repository.go:474.2,474.17 1 0
aggregator-services/internal/scheduler/repository.go:477.54,478.19 1 0
aggregator-services/internal/scheduler/repository.go:478.19,480.3 1 0
aggregator-services/internal/scheduler/repository.go:482.2,482.12 1 0
aggregator-services/internal/scheduler/worker.go:72.40,73.18 1 3
aggregator-services/internal/scheduler/worker.go:73.18,75.3 1 0
aggregator-services/internal/scheduler/worker.go:77.2,77.22 1 3
aggregator-services/internal/scheduler/worker.go:80.40,82.2 1 0
aggregator-services/internal/scheduler/worker.go:84.59,86.20 2 2
aggregator-services/internal/scheduler/worker.go:86.20,88.3 1 0
aggregator-services/internal/scheduler/worker.go:90.2,91.16 2 2
aggregator-services/internal/scheduler/worker.go:91.16,93.3 1 0
aggregator-services/internal/scheduler/worker.go:95.2,96.27 2 2
aggregator-services/internal/scheduler/worker.go:96.27,97.45 1 2
aggregator-services/internal/scheduler/worker.go:97.45,99.4 1 0
aggregator-services/internal/scheduler/worker.go:100.3,100.14 1 2
aggregator-services/internal/scheduler/worker.go:103.2,103.23 1 2
aggregator-services/internal/scheduler/worker.go:106.61,114.22 3 2
aggregator-services/internal/scheduler/worker.go:114.22,115.54 1 0
aggregator-services/internal/scheduler/worker.go:115.54,117.4 1 0
aggregator-services/internal/scheduler/worker.go:120.2,120.51 1 2
aggregator-services/internal/scheduler/worker.go:120.51,121.74 1 0
aggregator-services/internal/scheduler/worker.go:121.74,123.4 1 0
aggregator-services/internal/scheduler/worker.go:126.2,126.25 1 2
aggregator-services/internal/scheduler/worker.go:126.25,128.3 1 0
aggregator-services/internal/scheduler/worker.go:130.2,131.16 2 2
aggregator-services/internal/scheduler/worker.go:131.16,133.23 2 1
aggregator-services/internal/scheduler/worker.go:133.23,135.4 1 0
aggregator-services/internal/scheduler/worker.go:136.3,136.63 1 1
aggregator-services/internal/scheduler/worker.go:139.2,139.22 1 1
aggregator-services/internal/scheduler/worker.go:139.22,141.3 1 0
aggregator-services/internal/scheduler/worker.go:142.2,142.61 1 1
aggregator-services/internal/scheduler/worker.go:142.61,144.3 1 0
aggregator-services/internal/scheduler/worker.go:145.2,145.25 1 1
aggregator-services/internal/scheduler/worker.go:145.25,147.3 1 0
aggregator-services/internal/scheduler/worker.go:149.2,149.12 1 1
aggregator-services/internal/scheduler/worker.go:152.125,161.16 4 1
aggregator-services/internal/scheduler/worker.go:161.16,162.59 1 1
aggregator-services/internal/scheduler/worker.go:162.59,164.4 1 0
aggregator-services/internal/scheduler/worker.go:165.3,165.59 1 1
aggregator-services/internal/scheduler/worker.go:168.2,169.61 2 0
aggregator-services/internal/scheduler/worker.go:172.33,173.18 1 0
aggregator-services/internal/scheduler/worker.go:173.18,175.3 1 0
aggregator-services/internal/scheduler/worker.go:177.2,177.25 1 0
aggregator-services/internal/scheduler/worker.go:180.48,181.22 1 1
aggregator-services/internal/scheduler/worker.go:181.22,183.3 1 0
aggregator-services/internal/scheduler/worker.go:185.2,186.22 2 1
aggregator-services/internal/scheduler/worker.go:186.22,188.3 1 0
aggregator-services/internal/scheduler/worker.go:189.2,189.21 1 1
aggregator-services/internal/scheduler/worker.go:189.21,191.3 1 0
aggregator-services/internal/scheduler/worker.go:192.2,192.26 1 1
aggregator-services/internal/scheduler/worker.go:192.26,194.3 1 0
aggregator-services/internal/scheduler/worker.go:196.2,197.17 2 1
aggregator-services/internal/scheduler/worker.go:197.17,199.3 1 0
aggregator-services/internal/scheduler/worker.go:200.2,202.24 3 1
aggregator-services/internal/scheduler/worker.go:202.24,204.3 1 0
aggregator-services/internal/scheduler/worker.go:205.2,205.59 1 1
aggregator-services/internal/scheduler/worker.go:208.70,210.30 2 2
aggregator-services/internal/scheduler/worker.go:210.30,212.3 1 2
aggregator-services/internal/scheduler/worker.go:214.2,214.46 1 0
aggregator-services/internal/scheduler/worker.go:214.46,216.3 1 0
aggregator-services/internal/scheduler/worker.go:218.2,218.43 1 0
aggregator-services/internal/scheduler/worker.go:232.54,240.28 2 4
aggregator-services/internal/scheduler/worker.go:240.28,242.3 1 0
aggregator-services/internal/scheduler/worker.go:244.2,244.64 1 4
aggregator-services/internal/scheduler/worker.go:244.64,251.3 1 0
aggregator-services/internal/scheduler/worker.go:252.2,252.33 1 4
aggregator-services/internal/scheduler/worker.go:252.33,254.3 1 0
aggregator-services/internal/scheduler/worker.go:255.2,255.33 1 4
aggregator-services/internal/scheduler/worker.go:255.33,257.3 1 0
aggregator-services/internal/scheduler/worker.go:258.2,258.29 1 4
aggregator-services/internal/scheduler/worker.go:258.29,260.3 1 0
aggregator-services/internal/scheduler/worker.go:262.2,262.17 1 4
aggregator-services/internal/scheduler/worker.go:265.96,266.16 1 1
aggregator-services/internal/scheduler/worker.go:266.16,268.3 1 0
aggregator-services/internal/scheduler/worker.go:270.2,270.71 1 1
aggregator-services/internal/scheduler/worker.go:273.68,274.14 1 1
aggregator-services/internal/scheduler/worker.go:274.14,276.3 1 0
aggregator-services/internal/scheduler/worker.go:277.2,280.15 4 1
aggregator-services/internal/scheduler/worker.go:280.15,282.3 1 0
aggregator-services/internal/scheduler/worker.go:283.2,283.42 1 1
aggregator-services/internal/scheduler/worker.go:286.89,307.2 2 1
aggregator-services/internal/symbols/market_mapping.go:9.63,11.36 2 1
aggregator-services/internal/symbols/market_mapping.go:11.36,13.3 1 0
aggregator-services/internal/symbols/market_mapping.go:15.2,16.65 2 1
aggregator-services/internal/symbols/market_mapping.go:16.65,18.3 1 0
aggregator-services/internal/symbols/market_mapping.go:20.2,21.35 2 1
aggregator-services/internal/symbols/market_mapping.go:21.35,23.25 2 7
aggregator-services/internal/symbols/market_mapping.go:23.25,24.12 1 1
aggregator-services/internal/symbols/market_mapping.go:27.3,32.5 1 6
aggregator-services/internal/symbols/market_mapping.go:35.2,35.24 1 1
aggregator-services/internal/symbols/market_mapping.go:38.67,40.37 2 2
aggregator-services/internal/symbols/market_mapping.go:40.37,42.23 2 9
aggregator-services/internal/symbols/market_mapping.go:42.23,44.4 1 9
aggregator-services/internal/symbols/market_mapping.go:47.2,47.12 1 2
aggregator-services/internal/symbols/market_mapping.go:50.87,53.40 2 2
aggregator-services/internal/symbols/market_mapping.go:53.40,55.40 2 10
aggregator-services/internal/symbols/market_mapping.go:55.40,56.12 1 1
aggregator-services/internal/symbols/market_mapping.go:58.3,58.73 1 9
aggregator-services/internal/symbols/market_mapping.go:58.73,59.12 1 2
aggregator-services/internal/symbols/market_mapping.go:62.3,69.5 1 7
aggregator-services/internal/symbols/market_mapping.go:72.2,72.15 1 2
aggregator-services/internal/symbols/models.go:32.40,33.54 1 9
aggregator-services/internal/symbols/models.go:34.45,35.14 1 8
aggregator-services/internal/symbols/models.go:36.10,37.15 1 1
aggregator-services/internal/symbols/models.go:41.52,43.2 1 10
aggregator-services/internal/symbols/models.go:45.50,47.2 1 6
aggregator-services/internal/symbols/repository.go:17.44,19.2 1 0
aggregator-services/internal/symbols/repository.go:21.79,28.2 1 0
aggregator-services/internal/symbols/repository.go:30.100,32.20 2 0
aggregator-services/internal/symbols/repository.go:32.20,34.3 1 0
aggregator-services/internal/symbols/repository.go:36.2,37.16 2 0
aggregator-services/internal/symbols/repository.go:37.16,39.3 1 0
aggregator-services/internal/symbols/repository.go:41.2,42.32 2 0
aggregator-services/internal/symbols/repository.go:42.32,44.41 2 0
aggregator-services/internal/symbols/repository.go:44.41,45.68 1 0
aggregator-services/internal/symbols/repository.go:45.68,47.5 1 0
aggregator-services/internal/symbols/repository.go:49.3,49.23 1 0
aggregator-services/internal/symbols/repository.go:49.23,52.4 2 0
aggregator-services/internal/symbols/repository.go:55.2,55.22 1 0
aggregator-services/internal/symbols/repository.go:58.87,59.15 1 0
aggregator-services/internal/symbols/repository.go:59.15,61.3 1 0
aggregator-services/internal/symbols/repository.go:63.2,69.11 1 0
aggregator-services/internal/symbols/repository.go:72.82,74.16 2 0
aggregator-services/internal/symbols/repository.go:74.16,76.3 1 0
aggregator-services/internal/symbols/repository.go:77.2,77.13 1 0
aggregator-services/internal/symbols/repository.go:77.13,79.3 1 0
aggregator-services/internal/symbols/repository.go:81.2,87.4 1 0
aggregator-services/internal/symbols/repository.go:90.83,97.16 2 0
aggregator-services/internal/symbols/repository.go:97.16,99.3 1 0
aggregator-services/internal/symbols/repository.go:100.2,100.23 1 0
aggregator-services/internal/symbols/repository.go:100.23,102.3 1 0
aggregator-services/internal/symbols/repository.go:104.2,104.24 1 0
aggregator-services/internal/symbols/repository.go:107.120,109.16 2 0
aggregator-services/internal/symbols/repository.go:109.16,111.3 1 0
aggregator-services/internal/symbols/repository.go:113.2,115.33 3 0
aggregator-services/internal/symbols/repository.go:115.33,117.3 1 0
aggregator-services/internal/symbols/repository.go:119.2,119.20 1 0
aggregator-services/internal/symbols/repository.go:122.101,124.16 2 0
aggregator-services/internal/symbols/repository.go:124.16,126.3 1 0
aggregator-services/internal/symbols/repository.go:127.2,130.18 3 0
aggregator-services/internal/symbols/repository.go:130.18,132.17 2 0
aggregator-services/internal/symbols/repository.go:132.17,134.4 1 0
aggregator-services/internal/symbols/repository.go:135.3,135.36 1 0
aggregator-services/internal/symbols/repository.go:137.2,137.35 1 0
aggregator-services/internal/symbols/repository.go:137.35,139.3 1 0
aggregator-services/internal/symbols/repository.go:141.2,141.21 1 0
aggregator-services/internal/symbols/repository.go:144.49,163.16 2 0
aggregator-services/internal/symbols/repository.go:163.16,165.3 1 0
aggregator-services/internal/symbols/repository.go:167.2,168.16 2 0
aggregator-services/internal/symbols/repository.go:168.16,170.3 1 0
aggregator-services/internal/symbols/repository.go:172.2,178.20 6 0
aggregator-services/internal/symbols/repository.go:181.107,192.16 3 0
aggregator-services/internal/symbols/repository.go:192.16,194.3 1 0
aggregator-services/internal/symbols/repository.go:196.2,196.20 1 0
